{"/Users/pauloafonso/Desktop/trybe/refactoring_projects/Recipes-App/src/App.js": {"path":"/Users/pauloafonso/Desktop/trybe/refactoring_projects/Recipes-App/src/App.js","statementMap":{"0":{"start":{"line":24,"column":2},"end":{"line":56,"column":4}}},"fnMap":{"0":{"name":"App","decl":{"start":{"line":23,"column":9},"end":{"line":23,"column":12}},"loc":{"start":{"line":23,"column":15},"end":{"line":57,"column":1}},"line":23}},"branchMap":{},"s":{"0":0},"f":{"0":0},"b":{}}
,"/Users/pauloafonso/Desktop/trybe/refactoring_projects/Recipes-App/src/components/DoneAndFavoriteCard/index.js": {"path":"/Users/pauloafonso/Desktop/trybe/refactoring_projects/Recipes-App/src/components/DoneAndFavoriteCard/index.js","statementMap":{"0":{"start":{"line":12,"column":40},"end":{"line":12,"column":46}},"1":{"start":{"line":13,"column":34},"end":{"line":13,"column":49}},"2":{"start":{"line":14,"column":16},"end":{"line":14,"column":20}},"3":{"start":{"line":15,"column":19},"end":{"line":22,"column":3}},"4":{"start":{"line":16,"column":17},"end":{"line":16,"column":87}},"5":{"start":{"line":17,"column":4},"end":{"line":17,"column":40}},"6":{"start":{"line":18,"column":4},"end":{"line":18,"column":22}},"7":{"start":{"line":19,"column":4},"end":{"line":21,"column":14}},"8":{"start":{"line":20,"column":6},"end":{"line":20,"column":25}},"9":{"start":{"line":23,"column":26},"end":{"line":28,"column":3}},"10":{"start":{"line":24,"column":22},"end":{"line":24,"column":56}},"11":{"start":{"line":25,"column":25},"end":{"line":25,"column":80}},"12":{"start":{"line":25,"column":64},"end":{"line":25,"column":79}},"13":{"start":{"line":26,"column":4},"end":{"line":26,"column":53}},"14":{"start":{"line":27,"column":4},"end":{"line":27,"column":40}},"15":{"start":{"line":30,"column":2},"end":{"line":87,"column":4}},"16":{"start":{"line":53,"column":12},"end":{"line":58,"column":16}},"17":{"start":{"line":90,"column":0},"end":{"line":98,"column":2}},"18":{"start":{"line":100,"column":0},"end":{"line":102,"column":2}}},"fnMap":{"0":{"name":"DoneAndFavoriteCard","decl":{"start":{"line":9,"column":9},"end":{"line":9,"column":28}},"loc":{"start":{"line":10,"column":31},"end":{"line":88,"column":1}},"line":10},"1":{"name":"(anonymous_1)","decl":{"start":{"line":15,"column":19},"end":{"line":15,"column":20}},"loc":{"start":{"line":15,"column":25},"end":{"line":22,"column":3}},"line":15},"2":{"name":"(anonymous_2)","decl":{"start":{"line":19,"column":15},"end":{"line":19,"column":16}},"loc":{"start":{"line":19,"column":21},"end":{"line":21,"column":5}},"line":19},"3":{"name":"(anonymous_3)","decl":{"start":{"line":23,"column":26},"end":{"line":23,"column":27}},"loc":{"start":{"line":23,"column":32},"end":{"line":28,"column":3}},"line":23},"4":{"name":"(anonymous_4)","decl":{"start":{"line":25,"column":42},"end":{"line":25,"column":43}},"loc":{"start":{"line":25,"column":64},"end":{"line":25,"column":79}},"line":25},"5":{"name":"(anonymous_5)","decl":{"start":{"line":52,"column":19},"end":{"line":52,"column":20}},"loc":{"start":{"line":53,"column":12},"end":{"line":58,"column":16}},"line":53}},"branchMap":{"0":{"loc":{"start":{"line":16,"column":42},"end":{"line":16,"column":79}},"type":"cond-expr","locations":[{"start":{"line":16,"column":61},"end":{"line":16,"column":69}},{"start":{"line":16,"column":72},"end":{"line":16,"column":79}}],"line":16},"1":{"loc":{"start":{"line":32,"column":21},"end":{"line":32,"column":58}},"type":"cond-expr","locations":[{"start":{"line":32,"column":40},"end":{"line":32,"column":48}},{"start":{"line":32,"column":51},"end":{"line":32,"column":58}}],"line":32},"2":{"loc":{"start":{"line":41,"column":23},"end":{"line":41,"column":60}},"type":"cond-expr","locations":[{"start":{"line":41,"column":42},"end":{"line":41,"column":50}},{"start":{"line":41,"column":53},"end":{"line":41,"column":60}}],"line":41},"3":{"loc":{"start":{"line":47,"column":11},"end":{"line":49,"column":33}},"type":"cond-expr","locations":[{"start":{"line":48,"column":14},"end":{"line":48,"column":44}},{"start":{"line":49,"column":14},"end":{"line":49,"column":33}}],"line":47},"4":{"loc":{"start":{"line":51,"column":9},"end":{"line":58,"column":19}},"type":"binary-expr","locations":[{"start":{"line":51,"column":10},"end":{"line":51,"column":28}},{"start":{"line":51,"column":32},"end":{"line":51,"column":47}},{"start":{"line":52,"column":10},"end":{"line":58,"column":18}}],"line":51},"5":{"loc":{"start":{"line":59,"column":9},"end":{"line":65,"column":9}},"type":"binary-expr","locations":[{"start":{"line":59,"column":9},"end":{"line":59,"column":27}},{"start":{"line":60,"column":10},"end":{"line":64,"column":14}}],"line":59},"6":{"loc":{"start":{"line":67,"column":11},"end":{"line":75,"column":11}},"type":"binary-expr","locations":[{"start":{"line":67,"column":11},"end":{"line":67,"column":28}},{"start":{"line":68,"column":12},"end":{"line":74,"column":21}}],"line":67},"7":{"loc":{"start":{"line":83,"column":11},"end":{"line":83,"column":42}},"type":"binary-expr","locations":[{"start":{"line":83,"column":11},"end":{"line":83,"column":19}},{"start":{"line":83,"column":23},"end":{"line":83,"column":42}}],"line":83}},"s":{"0":51,"1":51,"2":51,"3":51,"4":2,"5":2,"6":2,"7":2,"8":0,"9":51,"10":0,"11":0,"12":0,"13":0,"14":0,"15":51,"16":11,"17":2,"18":2},"f":{"0":51,"1":2,"2":0,"3":0,"4":0,"5":11},"b":{"0":[0,2],"1":[26,25],"2":[26,25],"3":[25,26],"4":[51,22,11],"5":[51,22],"6":[51,29],"7":[51,2]},"_coverageSchema":"1a1c01bbd47fc00a2c39e90264f33305004495a9","hash":"52b51096c3393e1892fb518f6176af5ab01fc414"}
,"/Users/pauloafonso/Desktop/trybe/refactoring_projects/Recipes-App/src/components/FavoriteButton/index.js": {"path":"/Users/pauloafonso/Desktop/trybe/refactoring_projects/Recipes-App/src/components/FavoriteButton/index.js","statementMap":{"0":{"start":{"line":11,"column":2},"end":{"line":30,"column":4}},"1":{"start":{"line":33,"column":0},"end":{"line":36,"column":2}}},"fnMap":{"0":{"name":"FavoriteButton","decl":{"start":{"line":6,"column":9},"end":{"line":6,"column":23}},"loc":{"start":{"line":10,"column":3},"end":{"line":31,"column":1}},"line":10}},"branchMap":{"0":{"loc":{"start":{"line":17,"column":7},"end":{"line":28,"column":13}},"type":"cond-expr","locations":[{"start":{"line":18,"column":8},"end":{"line":22,"column":10}},{"start":{"line":24,"column":10},"end":{"line":28,"column":12}}],"line":17}},"s":{"0":122,"1":4},"f":{"0":122},"b":{"0":[4,118]},"_coverageSchema":"1a1c01bbd47fc00a2c39e90264f33305004495a9","hash":"b413895e09a897a51c85ee30ea9bbf14032d7f81"}
,"/Users/pauloafonso/Desktop/trybe/refactoring_projects/Recipes-App/src/components/Footer/index.js": {"path":"/Users/pauloafonso/Desktop/trybe/refactoring_projects/Recipes-App/src/components/Footer/index.js","statementMap":{"0":{"start":{"line":11,"column":18},"end":{"line":11,"column":30}},"1":{"start":{"line":13,"column":2},"end":{"line":52,"column":4}},"2":{"start":{"line":18,"column":24},"end":{"line":18,"column":47}},"3":{"start":{"line":30,"column":24},"end":{"line":30,"column":48}},"4":{"start":{"line":42,"column":24},"end":{"line":42,"column":46}}},"fnMap":{"0":{"name":"Footer","decl":{"start":{"line":8,"column":9},"end":{"line":8,"column":15}},"loc":{"start":{"line":8,"column":18},"end":{"line":53,"column":1}},"line":8},"1":{"name":"(anonymous_1)","decl":{"start":{"line":18,"column":18},"end":{"line":18,"column":19}},"loc":{"start":{"line":18,"column":24},"end":{"line":18,"column":47}},"line":18},"2":{"name":"(anonymous_2)","decl":{"start":{"line":30,"column":18},"end":{"line":30,"column":19}},"loc":{"start":{"line":30,"column":24},"end":{"line":30,"column":48}},"line":30},"3":{"name":"(anonymous_3)","decl":{"start":{"line":42,"column":18},"end":{"line":42,"column":19}},"loc":{"start":{"line":42,"column":24},"end":{"line":42,"column":46}},"line":42}},"branchMap":{},"s":{"0":171,"1":171,"2":9,"3":9,"4":9},"f":{"0":171,"1":9,"2":9,"3":9},"b":{},"_coverageSchema":"1a1c01bbd47fc00a2c39e90264f33305004495a9","hash":"82e77302caaf8bea944b3f2bf97b79a02e481acb"}
,"/Users/pauloafonso/Desktop/trybe/refactoring_projects/Recipes-App/src/components/Header/index.js": {"path":"/Users/pauloafonso/Desktop/trybe/refactoring_projects/Recipes-App/src/components/Header/index.js","statementMap":{"0":{"start":{"line":10,"column":54},"end":{"line":10,"column":69}},"1":{"start":{"line":12,"column":26},"end":{"line":18,"column":3}},"2":{"start":{"line":13,"column":4},"end":{"line":17,"column":5}},"3":{"start":{"line":14,"column":6},"end":{"line":14,"column":35}},"4":{"start":{"line":16,"column":6},"end":{"line":16,"column":34}},"5":{"start":{"line":20,"column":2},"end":{"line":55,"column":4}},"6":{"start":{"line":58,"column":0},"end":{"line":61,"column":2}},"7":{"start":{"line":63,"column":0},"end":{"line":65,"column":2}}},"fnMap":{"0":{"name":"Header","decl":{"start":{"line":9,"column":9},"end":{"line":9,"column":15}},"loc":{"start":{"line":9,"column":50},"end":{"line":56,"column":1}},"line":9},"1":{"name":"(anonymous_1)","decl":{"start":{"line":12,"column":26},"end":{"line":12,"column":27}},"loc":{"start":{"line":12,"column":32},"end":{"line":18,"column":3}},"line":12}},"branchMap":{"0":{"loc":{"start":{"line":13,"column":4},"end":{"line":17,"column":5}},"type":"if","locations":[{"start":{"line":13,"column":4},"end":{"line":17,"column":5}},{"start":{"line":15,"column":11},"end":{"line":17,"column":5}}],"line":13},"1":{"loc":{"start":{"line":35,"column":37},"end":{"line":35,"column":70}},"type":"cond-expr","locations":[{"start":{"line":35,"column":56},"end":{"line":35,"column":65}},{"start":{"line":35,"column":68},"end":{"line":35,"column":70}}],"line":35},"2":{"loc":{"start":{"line":44,"column":26},"end":{"line":44,"column":65}},"type":"cond-expr","locations":[{"start":{"line":44,"column":44},"end":{"line":44,"column":60}},{"start":{"line":44,"column":63},"end":{"line":44,"column":65}}],"line":44},"3":{"loc":{"start":{"line":50,"column":8},"end":{"line":52,"column":9}},"type":"binary-expr","locations":[{"start":{"line":50,"column":8},"end":{"line":50,"column":26}},{"start":{"line":51,"column":10},"end":{"line":51,"column":23}}],"line":50}},"s":{"0":228,"1":228,"2":5,"3":0,"4":5,"5":228,"6":11,"7":11},"f":{"0":228,"1":5},"b":{"0":[0,5],"1":[118,110],"2":[110,118],"3":[228,9]},"_coverageSchema":"1a1c01bbd47fc00a2c39e90264f33305004495a9","hash":"6c2666c8497391a78bde4385baecbd2aede5ee83"}
,"/Users/pauloafonso/Desktop/trybe/refactoring_projects/Recipes-App/src/components/IngredientCard/index.js": {"path":"/Users/pauloafonso/Desktop/trybe/refactoring_projects/Recipes-App/src/components/IngredientCard/index.js","statementMap":{"0":{"start":{"line":6,"column":2},"end":{"line":23,"column":4}},"1":{"start":{"line":10,"column":22},"end":{"line":10,"column":39}},"2":{"start":{"line":26,"column":0},"end":{"line":31,"column":2}}},"fnMap":{"0":{"name":"IngredientCard","decl":{"start":{"line":5,"column":9},"end":{"line":5,"column":23}},"loc":{"start":{"line":5,"column":59},"end":{"line":24,"column":1}},"line":5},"1":{"name":"(anonymous_1)","decl":{"start":{"line":10,"column":16},"end":{"line":10,"column":17}},"loc":{"start":{"line":10,"column":22},"end":{"line":10,"column":39}},"line":10}},"branchMap":{},"s":{"0":81,"1":2,"2":2},"f":{"0":81,"1":2},"b":{},"_coverageSchema":"1a1c01bbd47fc00a2c39e90264f33305004495a9","hash":"fae95a606dbfc31bd2aa413c14f2627a34659f93"}
,"/Users/pauloafonso/Desktop/trybe/refactoring_projects/Recipes-App/src/components/IngredientCheckbox/index.js": {"path":"/Users/pauloafonso/Desktop/trybe/refactoring_projects/Recipes-App/src/components/IngredientCheckbox/index.js","statementMap":{"0":{"start":{"line":12,"column":27},"end":{"line":12,"column":63}},"1":{"start":{"line":14,"column":2},"end":{"line":33,"column":4}},"2":{"start":{"line":28,"column":26},"end":{"line":28,"column":57}},"3":{"start":{"line":36,"column":0},"end":{"line":42,"column":2}}},"fnMap":{"0":{"name":"IngredientCheckbox","decl":{"start":{"line":5,"column":9},"end":{"line":5,"column":27}},"loc":{"start":{"line":11,"column":3},"end":{"line":34,"column":1}},"line":11},"1":{"name":"(anonymous_1)","decl":{"start":{"line":28,"column":19},"end":{"line":28,"column":20}},"loc":{"start":{"line":28,"column":26},"end":{"line":28,"column":57}},"line":28}},"branchMap":{"0":{"loc":{"start":{"line":18,"column":34},"end":{"line":18,"column":78}},"type":"cond-expr","locations":[{"start":{"line":18,"column":53},"end":{"line":18,"column":73}},{"start":{"line":18,"column":76},"end":{"line":18,"column":78}}],"line":18}},"s":{"0":676,"1":676,"2":42,"3":2},"f":{"0":676,"1":42},"b":{"0":[204,472]},"_coverageSchema":"1a1c01bbd47fc00a2c39e90264f33305004495a9","hash":"f0a54a08ad23d50c7830fca3a30f1789ab4108f6"}
,"/Users/pauloafonso/Desktop/trybe/refactoring_projects/Recipes-App/src/components/RecipeCard/index.js": {"path":"/Users/pauloafonso/Desktop/trybe/refactoring_projects/Recipes-App/src/components/RecipeCard/index.js","statementMap":{"0":{"start":{"line":7,"column":15},"end":{"line":7,"column":35}},"1":{"start":{"line":8,"column":17},"end":{"line":8,"column":42}},"2":{"start":{"line":9,"column":13},"end":{"line":9,"column":32}},"3":{"start":{"line":11,"column":2},"end":{"line":26,"column":4}},"4":{"start":{"line":29,"column":0},"end":{"line":33,"column":2}}},"fnMap":{"0":{"name":"RecipeCard","decl":{"start":{"line":6,"column":9},"end":{"line":6,"column":19}},"loc":{"start":{"line":6,"column":45},"end":{"line":27,"column":1}},"line":6}},"branchMap":{"0":{"loc":{"start":{"line":13,"column":21},"end":{"line":13,"column":58}},"type":"cond-expr","locations":[{"start":{"line":13,"column":40},"end":{"line":13,"column":48}},{"start":{"line":13,"column":51},"end":{"line":13,"column":58}}],"line":13}},"s":{"0":121,"1":121,"2":121,"3":121,"4":3},"f":{"0":121},"b":{"0":[53,68]},"_coverageSchema":"1a1c01bbd47fc00a2c39e90264f33305004495a9","hash":"0a57b8fd155b46ce2fb268f4bb7b2525f7f3d189"}
,"/Users/pauloafonso/Desktop/trybe/refactoring_projects/Recipes-App/src/components/SearchBar/index.js": {"path":"/Users/pauloafonso/Desktop/trybe/refactoring_projects/Recipes-App/src/components/SearchBar/index.js","statementMap":{"0":{"start":{"line":6,"column":21},"end":{"line":6,"column":35}},"1":{"start":{"line":9,"column":50},"end":{"line":9,"column":62}},"2":{"start":{"line":10,"column":48},"end":{"line":10,"column":64}},"3":{"start":{"line":12,"column":24},"end":{"line":12,"column":45}},"4":{"start":{"line":14,"column":22},"end":{"line":20,"column":3}},"5":{"start":{"line":15,"column":4},"end":{"line":19,"column":5}},"6":{"start":{"line":16,"column":6},"end":{"line":16,"column":67}},"7":{"start":{"line":18,"column":6},"end":{"line":18,"column":68}},"8":{"start":{"line":22,"column":2},"end":{"line":96,"column":4}},"9":{"start":{"line":34,"column":29},"end":{"line":34,"column":61}},"10":{"start":{"line":50,"column":29},"end":{"line":50,"column":55}},"11":{"start":{"line":66,"column":29},"end":{"line":66,"column":61}},"12":{"start":{"line":80,"column":37},"end":{"line":80,"column":70}}},"fnMap":{"0":{"name":"SearchBar","decl":{"start":{"line":8,"column":9},"end":{"line":8,"column":18}},"loc":{"start":{"line":8,"column":21},"end":{"line":97,"column":1}},"line":8},"1":{"name":"(anonymous_1)","decl":{"start":{"line":14,"column":22},"end":{"line":14,"column":23}},"loc":{"start":{"line":14,"column":28},"end":{"line":20,"column":3}},"line":14},"2":{"name":"(anonymous_2)","decl":{"start":{"line":34,"column":23},"end":{"line":34,"column":24}},"loc":{"start":{"line":34,"column":29},"end":{"line":34,"column":61}},"line":34},"3":{"name":"(anonymous_3)","decl":{"start":{"line":50,"column":23},"end":{"line":50,"column":24}},"loc":{"start":{"line":50,"column":29},"end":{"line":50,"column":55}},"line":50},"4":{"name":"(anonymous_4)","decl":{"start":{"line":66,"column":23},"end":{"line":66,"column":24}},"loc":{"start":{"line":66,"column":29},"end":{"line":66,"column":61}},"line":66},"5":{"name":"(anonymous_5)","decl":{"start":{"line":80,"column":21},"end":{"line":80,"column":22}},"loc":{"start":{"line":80,"column":37},"end":{"line":80,"column":70}},"line":80}},"branchMap":{"0":{"loc":{"start":{"line":15,"column":4},"end":{"line":19,"column":5}},"type":"if","locations":[{"start":{"line":15,"column":4},"end":{"line":19,"column":5}},{"start":{"line":17,"column":11},"end":{"line":19,"column":5}}],"line":15},"1":{"loc":{"start":{"line":15,"column":8},"end":{"line":15,"column":73}},"type":"binary-expr","locations":[{"start":{"line":15,"column":8},"end":{"line":15,"column":40}},{"start":{"line":15,"column":44},"end":{"line":15,"column":73}}],"line":15}},"s":{"0":11,"1":17,"2":17,"3":17,"4":17,"5":2,"6":0,"7":2,"8":17,"9":1,"10":0,"11":1,"12":6},"f":{"0":17,"1":2,"2":1,"3":0,"4":1,"5":6},"b":{"0":[0,2],"1":[2,1]},"_coverageSchema":"1a1c01bbd47fc00a2c39e90264f33305004495a9","hash":"7d514c9814f3fc6aaaaeb8bd39c32f6a89e82981"}
,"/Users/pauloafonso/Desktop/trybe/refactoring_projects/Recipes-App/src/components/ShareButton/index.js": {"path":"/Users/pauloafonso/Desktop/trybe/refactoring_projects/Recipes-App/src/components/ShareButton/index.js","statementMap":{"0":{"start":{"line":6,"column":2},"end":{"line":13,"column":4}},"1":{"start":{"line":16,"column":0},"end":{"line":18,"column":2}}},"fnMap":{"0":{"name":"ShareButton","decl":{"start":{"line":5,"column":9},"end":{"line":5,"column":20}},"loc":{"start":{"line":5,"column":38},"end":{"line":14,"column":1}},"line":5}},"branchMap":{},"s":{"0":122,"1":4},"f":{"0":122},"b":{},"_coverageSchema":"1a1c01bbd47fc00a2c39e90264f33305004495a9","hash":"a58515ab620376fdb60e938af8419de8a5911758"}
,"/Users/pauloafonso/Desktop/trybe/refactoring_projects/Recipes-App/src/context/MyProvider.js": {"path":"/Users/pauloafonso/Desktop/trybe/refactoring_projects/Recipes-App/src/context/MyProvider.js","statementMap":{"0":{"start":{"line":7,"column":26},"end":{"line":7,"column":49}},"1":{"start":{"line":8,"column":38},"end":{"line":8,"column":50}},"2":{"start":{"line":9,"column":46},"end":{"line":9,"column":58}},"3":{"start":{"line":10,"column":30},"end":{"line":10,"column":67}},"4":{"start":{"line":12,"column":2},"end":{"line":17,"column":13}},"5":{"start":{"line":13,"column":29},"end":{"line":13,"column":52}},"6":{"start":{"line":14,"column":4},"end":{"line":16,"column":5}},"7":{"start":{"line":15,"column":6},"end":{"line":15,"column":32}},"8":{"start":{"line":19,"column":18},"end":{"line":28,"column":3}},"9":{"start":{"line":30,"column":2},"end":{"line":34,"column":4}},"10":{"start":{"line":37,"column":0},"end":{"line":39,"column":2}}},"fnMap":{"0":{"name":"MyProvider","decl":{"start":{"line":6,"column":9},"end":{"line":6,"column":19}},"loc":{"start":{"line":6,"column":34},"end":{"line":35,"column":1}},"line":6},"1":{"name":"(anonymous_1)","decl":{"start":{"line":12,"column":12},"end":{"line":12,"column":13}},"loc":{"start":{"line":12,"column":18},"end":{"line":17,"column":3}},"line":12}},"branchMap":{"0":{"loc":{"start":{"line":14,"column":4},"end":{"line":16,"column":5}},"type":"if","locations":[{"start":{"line":14,"column":4},"end":{"line":16,"column":5}},{"start":{},"end":{}}],"line":14},"1":{"loc":{"start":{"line":14,"column":8},"end":{"line":14,"column":45}},"type":"binary-expr","locations":[{"start":{"line":14,"column":8},"end":{"line":14,"column":24}},{"start":{"line":14,"column":28},"end":{"line":14,"column":45}}],"line":14}},"s":{"0":196,"1":196,"2":196,"3":196,"4":196,"5":192,"6":192,"7":28,"8":196,"9":196,"10":17},"f":{"0":196,"1":192},"b":{"0":[28,164],"1":[192,57]},"_coverageSchema":"1a1c01bbd47fc00a2c39e90264f33305004495a9","hash":"2187d69e8f3735b600bdc74083a123f9d784c960"}
,"/Users/pauloafonso/Desktop/trybe/refactoring_projects/Recipes-App/src/context/myContext.js": {"path":"/Users/pauloafonso/Desktop/trybe/refactoring_projects/Recipes-App/src/context/myContext.js","statementMap":{"0":{"start":{"line":3,"column":18},"end":{"line":3,"column":33}}},"fnMap":{},"branchMap":{},"s":{"0":17},"f":{},"b":{},"_coverageSchema":"1a1c01bbd47fc00a2c39e90264f33305004495a9","hash":"6b38f77978e935e97f6feaf5b1d541e9479b79eb"}
,"/Users/pauloafonso/Desktop/trybe/refactoring_projects/Recipes-App/src/pages/DoneRecipes/index.js": {"path":"/Users/pauloafonso/Desktop/trybe/refactoring_projects/Recipes-App/src/pages/DoneRecipes/index.js","statementMap":{"0":{"start":{"line":7,"column":54},"end":{"line":7,"column":66}},"1":{"start":{"line":8,"column":43},"end":{"line":8,"column":55}},"2":{"start":{"line":10,"column":2},"end":{"line":20,"column":9}},"3":{"start":{"line":11,"column":34},"end":{"line":18,"column":5}},"4":{"start":{"line":12,"column":26},"end":{"line":12,"column":56}},"5":{"start":{"line":13,"column":6},"end":{"line":17,"column":7}},"6":{"start":{"line":14,"column":24},"end":{"line":14,"column":54}},"7":{"start":{"line":15,"column":8},"end":{"line":15,"column":39}},"8":{"start":{"line":16,"column":8},"end":{"line":16,"column":31}},"9":{"start":{"line":19,"column":4},"end":{"line":19,"column":28}},"10":{"start":{"line":22,"column":22},"end":{"line":31,"column":3}},"11":{"start":{"line":23,"column":22},"end":{"line":23,"column":28}},"12":{"start":{"line":24,"column":4},"end":{"line":30,"column":5}},"13":{"start":{"line":25,"column":6},"end":{"line":25,"column":40}},"14":{"start":{"line":27,"column":31},"end":{"line":28,"column":52}},"15":{"start":{"line":28,"column":29},"end":{"line":28,"column":50}},"16":{"start":{"line":29,"column":6},"end":{"line":29,"column":38}},"17":{"start":{"line":32,"column":2},"end":{"line":77,"column":4}},"18":{"start":{"line":67,"column":12},"end":{"line":73,"column":14}}},"fnMap":{"0":{"name":"DoneRecipes","decl":{"start":{"line":6,"column":9},"end":{"line":6,"column":20}},"loc":{"start":{"line":6,"column":23},"end":{"line":78,"column":1}},"line":6},"1":{"name":"(anonymous_1)","decl":{"start":{"line":10,"column":12},"end":{"line":10,"column":13}},"loc":{"start":{"line":10,"column":18},"end":{"line":20,"column":3}},"line":10},"2":{"name":"(anonymous_2)","decl":{"start":{"line":11,"column":34},"end":{"line":11,"column":35}},"loc":{"start":{"line":11,"column":40},"end":{"line":18,"column":5}},"line":11},"3":{"name":"(anonymous_3)","decl":{"start":{"line":22,"column":22},"end":{"line":22,"column":23}},"loc":{"start":{"line":22,"column":38},"end":{"line":31,"column":3}},"line":22},"4":{"name":"(anonymous_4)","decl":{"start":{"line":28,"column":16},"end":{"line":28,"column":17}},"loc":{"start":{"line":28,"column":29},"end":{"line":28,"column":50}},"line":28},"5":{"name":"(anonymous_5)","decl":{"start":{"line":66,"column":15},"end":{"line":66,"column":16}},"loc":{"start":{"line":67,"column":12},"end":{"line":73,"column":14}},"line":67}},"branchMap":{"0":{"loc":{"start":{"line":13,"column":6},"end":{"line":17,"column":7}},"type":"if","locations":[{"start":{"line":13,"column":6},"end":{"line":17,"column":7}},{"start":{},"end":{}}],"line":13},"1":{"loc":{"start":{"line":24,"column":4},"end":{"line":30,"column":5}},"type":"if","locations":[{"start":{"line":24,"column":4},"end":{"line":30,"column":5}},{"start":{"line":26,"column":11},"end":{"line":30,"column":5}}],"line":24},"2":{"loc":{"start":{"line":65,"column":10},"end":{"line":74,"column":12}},"type":"binary-expr","locations":[{"start":{"line":65,"column":10},"end":{"line":65,"column":32}},{"start":{"line":65,"column":36},"end":{"line":74,"column":12}}],"line":65}},"s":{"0":20,"1":20,"2":20,"3":8,"4":8,"5":8,"6":8,"7":8,"8":8,"9":8,"10":20,"11":4,"12":4,"13":1,"14":3,"15":6,"16":3,"17":20,"18":21},"f":{"0":20,"1":8,"2":8,"3":4,"4":6,"5":21},"b":{"0":[8,0],"1":[1,3],"2":[20,12]},"_coverageSchema":"1a1c01bbd47fc00a2c39e90264f33305004495a9","hash":"11075192e326d7a0164d75606ef6f7e4cf8fd033"}
,"/Users/pauloafonso/Desktop/trybe/refactoring_projects/Recipes-App/src/pages/DrinkRecipeDetails/index.js": {"path":"/Users/pauloafonso/Desktop/trybe/refactoring_projects/Recipes-App/src/pages/DrinkRecipeDetails/index.js","statementMap":{"0":{"start":{"line":10,"column":27},"end":{"line":10,"column":29}},"1":{"start":{"line":11,"column":34},"end":{"line":11,"column":36}},"2":{"start":{"line":12,"column":0},"end":{"line":14,"column":1}},"3":{"start":{"line":12,"column":17},"end":{"line":12,"column":18}},"4":{"start":{"line":13,"column":2},"end":{"line":13,"column":33}},"5":{"start":{"line":15,"column":24},"end":{"line":15,"column":25}},"6":{"start":{"line":18,"column":32},"end":{"line":18,"column":44}},"7":{"start":{"line":19,"column":28},"end":{"line":19,"column":40}},"8":{"start":{"line":20,"column":40},"end":{"line":20,"column":52}},"9":{"start":{"line":21,"column":34},"end":{"line":21,"column":49}},"10":{"start":{"line":22,"column":17},"end":{"line":22,"column":28}},"11":{"start":{"line":23,"column":18},"end":{"line":23,"column":30}},"12":{"start":{"line":25,"column":28},"end":{"line":25,"column":62}},"13":{"start":{"line":26,"column":22},"end":{"line":26,"column":58}},"14":{"start":{"line":27,"column":27},"end":{"line":27,"column":67}},"15":{"start":{"line":29,"column":38},"end":{"line":31,"column":3}},"16":{"start":{"line":30,"column":40},"end":{"line":30,"column":58}},"17":{"start":{"line":33,"column":2},"end":{"line":42,"column":14}},"18":{"start":{"line":34,"column":27},"end":{"line":40,"column":64}},"19":{"start":{"line":35,"column":28},"end":{"line":38,"column":7}},"20":{"start":{"line":39,"column":6},"end":{"line":39,"column":27}},"21":{"start":{"line":40,"column":30},"end":{"line":40,"column":63}},"22":{"start":{"line":41,"column":4},"end":{"line":41,"column":35}},"23":{"start":{"line":45,"column":2},"end":{"line":53,"column":11}},"24":{"start":{"line":46,"column":28},"end":{"line":46,"column":79}},"25":{"start":{"line":47,"column":4},"end":{"line":52,"column":5}},"26":{"start":{"line":48,"column":32},"end":{"line":48,"column":84}},"27":{"start":{"line":48,"column":65},"end":{"line":48,"column":83}},"28":{"start":{"line":49,"column":6},"end":{"line":51,"column":7}},"29":{"start":{"line":50,"column":8},"end":{"line":50,"column":28}},"30":{"start":{"line":55,"column":2},"end":{"line":61,"column":11}},"31":{"start":{"line":57,"column":24},"end":{"line":57,"column":114}},"32":{"start":{"line":58,"column":6},"end":{"line":58,"column":29}},"33":{"start":{"line":60,"column":4},"end":{"line":60,"column":16}},"34":{"start":{"line":63,"column":2},"end":{"line":69,"column":9}},"35":{"start":{"line":65,"column":26},"end":{"line":65,"column":106}},"36":{"start":{"line":66,"column":6},"end":{"line":66,"column":30}},"37":{"start":{"line":68,"column":4},"end":{"line":68,"column":22}},"38":{"start":{"line":71,"column":22},"end":{"line":76,"column":3}},"39":{"start":{"line":72,"column":20},"end":{"line":72,"column":45}},"40":{"start":{"line":73,"column":24},"end":{"line":73,"column":57}},"41":{"start":{"line":74,"column":4},"end":{"line":74,"column":47}},"42":{"start":{"line":75,"column":4},"end":{"line":75,"column":22}},"43":{"start":{"line":78,"column":25},"end":{"line":100,"column":3}},"44":{"start":{"line":79,"column":67},"end":{"line":79,"column":72}},"45":{"start":{"line":81,"column":26},"end":{"line":89,"column":5}},"46":{"start":{"line":92,"column":4},"end":{"line":96,"column":5}},"47":{"start":{"line":93,"column":6},"end":{"line":93,"column":85}},"48":{"start":{"line":93,"column":65},"end":{"line":93,"column":83}},"49":{"start":{"line":95,"column":6},"end":{"line":95,"column":64}},"50":{"start":{"line":98,"column":4},"end":{"line":98,"column":59}},"51":{"start":{"line":99,"column":4},"end":{"line":99,"column":31}},"52":{"start":{"line":102,"column":24},"end":{"line":179,"column":3}},"53":{"start":{"line":109,"column":8},"end":{"line":109,"column":13}},"54":{"start":{"line":110,"column":4},"end":{"line":178,"column":6}},"55":{"start":{"line":139,"column":18},"end":{"line":144,"column":23}},"56":{"start":{"line":158,"column":38},"end":{"line":158,"column":61}},"57":{"start":{"line":160,"column":18},"end":{"line":172,"column":25}},"58":{"start":{"line":181,"column":23},"end":{"line":211,"column":3}},"59":{"start":{"line":182,"column":4},"end":{"line":184,"column":5}},"60":{"start":{"line":183,"column":6},"end":{"line":183,"column":49}},"61":{"start":{"line":186,"column":4},"end":{"line":198,"column":5}},"62":{"start":{"line":187,"column":39},"end":{"line":187,"column":55}},"63":{"start":{"line":188,"column":6},"end":{"line":197,"column":8}},"64":{"start":{"line":193,"column":26},"end":{"line":193,"column":67}},"65":{"start":{"line":199,"column":4},"end":{"line":210,"column":5}},"66":{"start":{"line":199,"column":38},"end":{"line":199,"column":54}},"67":{"start":{"line":200,"column":6},"end":{"line":209,"column":8}},"68":{"start":{"line":205,"column":26},"end":{"line":205,"column":67}},"69":{"start":{"line":213,"column":2},"end":{"line":218,"column":4}}},"fnMap":{"0":{"name":"DrinkRecipeDetails","decl":{"start":{"line":17,"column":9},"end":{"line":17,"column":27}},"loc":{"start":{"line":17,"column":30},"end":{"line":219,"column":1}},"line":17},"1":{"name":"(anonymous_1)","decl":{"start":{"line":30,"column":26},"end":{"line":30,"column":27}},"loc":{"start":{"line":30,"column":40},"end":{"line":30,"column":58}},"line":30},"2":{"name":"(anonymous_2)","decl":{"start":{"line":33,"column":12},"end":{"line":33,"column":13}},"loc":{"start":{"line":33,"column":18},"end":{"line":42,"column":3}},"line":33},"3":{"name":"(anonymous_3)","decl":{"start":{"line":34,"column":50},"end":{"line":34,"column":51}},"loc":{"start":{"line":34,"column":61},"end":{"line":40,"column":5}},"line":34},"4":{"name":"(anonymous_4)","decl":{"start":{"line":40,"column":14},"end":{"line":40,"column":15}},"loc":{"start":{"line":40,"column":30},"end":{"line":40,"column":63}},"line":40},"5":{"name":"(anonymous_5)","decl":{"start":{"line":45,"column":12},"end":{"line":45,"column":13}},"loc":{"start":{"line":45,"column":18},"end":{"line":53,"column":3}},"line":45},"6":{"name":"(anonymous_6)","decl":{"start":{"line":48,"column":53},"end":{"line":48,"column":54}},"loc":{"start":{"line":48,"column":65},"end":{"line":48,"column":83}},"line":48},"7":{"name":"(anonymous_7)","decl":{"start":{"line":55,"column":12},"end":{"line":55,"column":13}},"loc":{"start":{"line":55,"column":18},"end":{"line":61,"column":3}},"line":55},"8":{"name":"fetchById","decl":{"start":{"line":56,"column":19},"end":{"line":56,"column":28}},"loc":{"start":{"line":56,"column":31},"end":{"line":59,"column":5}},"line":56},"9":{"name":"(anonymous_9)","decl":{"start":{"line":63,"column":12},"end":{"line":63,"column":13}},"loc":{"start":{"line":63,"column":18},"end":{"line":69,"column":3}},"line":63},"10":{"name":"fetchCategories","decl":{"start":{"line":64,"column":19},"end":{"line":64,"column":34}},"loc":{"start":{"line":64,"column":37},"end":{"line":67,"column":5}},"line":64},"11":{"name":"(anonymous_11)","decl":{"start":{"line":71,"column":22},"end":{"line":71,"column":23}},"loc":{"start":{"line":71,"column":28},"end":{"line":76,"column":3}},"line":71},"12":{"name":"(anonymous_12)","decl":{"start":{"line":78,"column":25},"end":{"line":78,"column":26}},"loc":{"start":{"line":78,"column":31},"end":{"line":100,"column":3}},"line":78},"13":{"name":"(anonymous_13)","decl":{"start":{"line":93,"column":51},"end":{"line":93,"column":52}},"loc":{"start":{"line":93,"column":65},"end":{"line":93,"column":83}},"line":93},"14":{"name":"(anonymous_14)","decl":{"start":{"line":102,"column":24},"end":{"line":102,"column":25}},"loc":{"start":{"line":102,"column":30},"end":{"line":179,"column":3}},"line":102},"15":{"name":"(anonymous_15)","decl":{"start":{"line":138,"column":21},"end":{"line":138,"column":22}},"loc":{"start":{"line":139,"column":18},"end":{"line":144,"column":23}},"line":139},"16":{"name":"(anonymous_16)","decl":{"start":{"line":158,"column":24},"end":{"line":158,"column":25}},"loc":{"start":{"line":158,"column":38},"end":{"line":158,"column":61}},"line":158},"17":{"name":"(anonymous_17)","decl":{"start":{"line":159,"column":21},"end":{"line":159,"column":22}},"loc":{"start":{"line":160,"column":18},"end":{"line":172,"column":25}},"line":160},"18":{"name":"(anonymous_18)","decl":{"start":{"line":181,"column":23},"end":{"line":181,"column":24}},"loc":{"start":{"line":181,"column":29},"end":{"line":211,"column":3}},"line":181},"19":{"name":"(anonymous_19)","decl":{"start":{"line":187,"column":27},"end":{"line":187,"column":28}},"loc":{"start":{"line":187,"column":39},"end":{"line":187,"column":55}},"line":187},"20":{"name":"(anonymous_20)","decl":{"start":{"line":193,"column":20},"end":{"line":193,"column":21}},"loc":{"start":{"line":193,"column":26},"end":{"line":193,"column":67}},"line":193},"21":{"name":"(anonymous_21)","decl":{"start":{"line":199,"column":26},"end":{"line":199,"column":27}},"loc":{"start":{"line":199,"column":38},"end":{"line":199,"column":54}},"line":199},"22":{"name":"(anonymous_22)","decl":{"start":{"line":205,"column":20},"end":{"line":205,"column":21}},"loc":{"start":{"line":205,"column":26},"end":{"line":205,"column":67}},"line":205}},"branchMap":{"0":{"loc":{"start":{"line":26,"column":22},"end":{"line":26,"column":58}},"type":"binary-expr","locations":[{"start":{"line":26,"column":22},"end":{"line":26,"column":52}},{"start":{"line":26,"column":56},"end":{"line":26,"column":58}}],"line":26},"1":{"loc":{"start":{"line":27,"column":27},"end":{"line":27,"column":67}},"type":"binary-expr","locations":[{"start":{"line":27,"column":27},"end":{"line":27,"column":61}},{"start":{"line":27,"column":65},"end":{"line":27,"column":67}}],"line":27},"2":{"loc":{"start":{"line":47,"column":4},"end":{"line":52,"column":5}},"type":"if","locations":[{"start":{"line":47,"column":4},"end":{"line":52,"column":5}},{"start":{},"end":{}}],"line":47},"3":{"loc":{"start":{"line":49,"column":6},"end":{"line":51,"column":7}},"type":"if","locations":[{"start":{"line":49,"column":6},"end":{"line":51,"column":7}},{"start":{},"end":{}}],"line":49},"4":{"loc":{"start":{"line":92,"column":4},"end":{"line":96,"column":5}},"type":"if","locations":[{"start":{"line":92,"column":4},"end":{"line":96,"column":5}},{"start":{"line":94,"column":11},"end":{"line":96,"column":5}}],"line":92},"5":{"loc":{"start":{"line":131,"column":13},"end":{"line":131,"column":44}},"type":"binary-expr","locations":[{"start":{"line":131,"column":13},"end":{"line":131,"column":21}},{"start":{"line":131,"column":25},"end":{"line":131,"column":44}}],"line":131},"6":{"loc":{"start":{"line":157,"column":14},"end":{"line":173,"column":18}},"type":"binary-expr","locations":[{"start":{"line":157,"column":14},"end":{"line":157,"column":21}},{"start":{"line":157,"column":25},"end":{"line":173,"column":18}}],"line":157},"7":{"loc":{"start":{"line":182,"column":4},"end":{"line":184,"column":5}},"type":"if","locations":[{"start":{"line":182,"column":4},"end":{"line":184,"column":5}},{"start":{},"end":{}}],"line":182},"8":{"loc":{"start":{"line":186,"column":4},"end":{"line":198,"column":5}},"type":"if","locations":[{"start":{"line":186,"column":4},"end":{"line":198,"column":5}},{"start":{},"end":{}}],"line":186},"9":{"loc":{"start":{"line":186,"column":8},"end":{"line":187,"column":56}},"type":"binary-expr","locations":[{"start":{"line":186,"column":8},"end":{"line":186,"column":40}},{"start":{"line":187,"column":9},"end":{"line":187,"column":56}}],"line":186},"10":{"loc":{"start":{"line":199,"column":4},"end":{"line":210,"column":5}},"type":"if","locations":[{"start":{"line":199,"column":4},"end":{"line":210,"column":5}},{"start":{},"end":{}}],"line":199},"11":{"loc":{"start":{"line":215,"column":7},"end":{"line":215,"column":40}},"type":"binary-expr","locations":[{"start":{"line":215,"column":7},"end":{"line":215,"column":21}},{"start":{"line":215,"column":25},"end":{"line":215,"column":40}}],"line":215}},"s":{"0":1,"1":1,"2":1,"3":1,"4":15,"5":1,"6":58,"7":58,"8":58,"9":58,"10":58,"11":58,"12":58,"13":58,"14":58,"15":58,"16":0,"17":58,"18":28,"19":420,"20":420,"21":420,"22":28,"23":58,"24":14,"25":14,"26":1,"27":0,"28":1,"29":0,"30":58,"31":14,"32":14,"33":14,"34":58,"35":14,"36":14,"37":14,"38":58,"39":1,"40":1,"41":1,"42":1,"43":58,"44":1,"45":1,"46":1,"47":0,"48":0,"49":1,"50":1,"51":1,"52":58,"53":30,"54":30,"55":258,"56":45,"57":45,"58":58,"59":58,"60":0,"61":58,"62":0,"63":54,"64":1,"65":4,"66":0,"67":4,"68":0,"69":58},"f":{"0":58,"1":0,"2":28,"3":420,"4":420,"5":14,"6":0,"7":14,"8":14,"9":14,"10":14,"11":1,"12":1,"13":0,"14":30,"15":258,"16":45,"17":45,"18":58,"19":0,"20":1,"21":0,"22":0},"b":{"0":[58,54],"1":[58,54],"2":[1,13],"3":[0,1],"4":[0,1],"5":[30,1],"6":[30,29],"7":[0,58],"8":[54,4],"9":[58,54],"10":[4,0],"11":[58,30]},"_coverageSchema":"1a1c01bbd47fc00a2c39e90264f33305004495a9","hash":"f4c899ea5d638e8230fc6b8fcc17d569898bdd93"}
,"/Users/pauloafonso/Desktop/trybe/refactoring_projects/Recipes-App/src/pages/Drinks/index.js": {"path":"/Users/pauloafonso/Desktop/trybe/refactoring_projects/Recipes-App/src/pages/Drinks/index.js","statementMap":{"0":{"start":{"line":9,"column":24},"end":{"line":9,"column":26}},"1":{"start":{"line":10,"column":27},"end":{"line":10,"column":28}},"2":{"start":{"line":13,"column":32},"end":{"line":13,"column":44}},"3":{"start":{"line":14,"column":38},"end":{"line":14,"column":50}},"4":{"start":{"line":15,"column":46},"end":{"line":15,"column":58}},"5":{"start":{"line":17,"column":32},"end":{"line":17,"column":53}},"6":{"start":{"line":19,"column":2},"end":{"line":27,"column":9}},"7":{"start":{"line":20,"column":21},"end":{"line":20,"column":82}},"8":{"start":{"line":23,"column":26},"end":{"line":23,"column":60}},"9":{"start":{"line":24,"column":6},"end":{"line":24,"column":33}},"10":{"start":{"line":26,"column":4},"end":{"line":26,"column":22}},"11":{"start":{"line":29,"column":2},"end":{"line":39,"column":23}},"12":{"start":{"line":30,"column":21},"end":{"line":30,"column":97}},"13":{"start":{"line":33,"column":26},"end":{"line":33,"column":60}},"14":{"start":{"line":34,"column":6},"end":{"line":34,"column":30}},"15":{"start":{"line":36,"column":4},"end":{"line":38,"column":5}},"16":{"start":{"line":37,"column":6},"end":{"line":37,"column":31}},"17":{"start":{"line":41,"column":2},"end":{"line":63,"column":15}},"18":{"start":{"line":42,"column":4},"end":{"line":42,"column":26}},"19":{"start":{"line":43,"column":19},"end":{"line":43,"column":21}},"20":{"start":{"line":44,"column":4},"end":{"line":56,"column":5}},"21":{"start":{"line":46,"column":6},"end":{"line":46,"column":92}},"22":{"start":{"line":47,"column":6},"end":{"line":47,"column":12}},"23":{"start":{"line":49,"column":6},"end":{"line":49,"column":92}},"24":{"start":{"line":50,"column":6},"end":{"line":50,"column":12}},"25":{"start":{"line":52,"column":6},"end":{"line":52,"column":92}},"26":{"start":{"line":53,"column":6},"end":{"line":53,"column":12}},"27":{"start":{"line":55,"column":6},"end":{"line":55,"column":12}},"28":{"start":{"line":59,"column":26},"end":{"line":59,"column":60}},"29":{"start":{"line":60,"column":6},"end":{"line":60,"column":30}},"30":{"start":{"line":62,"column":4},"end":{"line":62,"column":19}},"31":{"start":{"line":65,"column":18},"end":{"line":65,"column":30}},"32":{"start":{"line":67,"column":2},"end":{"line":73,"column":41}},"33":{"start":{"line":68,"column":4},"end":{"line":72,"column":5}},"34":{"start":{"line":69,"column":6},"end":{"line":69,"column":78}},"35":{"start":{"line":70,"column":11},"end":{"line":72,"column":5}},"36":{"start":{"line":71,"column":6},"end":{"line":71,"column":52}},"37":{"start":{"line":75,"column":31},"end":{"line":82,"column":3}},"38":{"start":{"line":76,"column":4},"end":{"line":81,"column":5}},"39":{"start":{"line":77,"column":6},"end":{"line":77,"column":28}},"40":{"start":{"line":78,"column":6},"end":{"line":78,"column":45}},"41":{"start":{"line":80,"column":6},"end":{"line":80,"column":40}},"42":{"start":{"line":84,"column":2},"end":{"line":128,"column":4}},"43":{"start":{"line":92,"column":26},"end":{"line":92,"column":64}},"44":{"start":{"line":100,"column":14},"end":{"line":108,"column":23}},"45":{"start":{"line":105,"column":32},"end":{"line":105,"column":65}},"46":{"start":{"line":115,"column":34},"end":{"line":115,"column":57}},"47":{"start":{"line":117,"column":14},"end":{"line":122,"column":16}}},"fnMap":{"0":{"name":"Drinks","decl":{"start":{"line":12,"column":9},"end":{"line":12,"column":15}},"loc":{"start":{"line":12,"column":18},"end":{"line":129,"column":1}},"line":12},"1":{"name":"(anonymous_1)","decl":{"start":{"line":19,"column":12},"end":{"line":19,"column":13}},"loc":{"start":{"line":19,"column":18},"end":{"line":27,"column":3}},"line":19},"2":{"name":"fetchCategories","decl":{"start":{"line":22,"column":19},"end":{"line":22,"column":34}},"loc":{"start":{"line":22,"column":37},"end":{"line":25,"column":5}},"line":22},"3":{"name":"(anonymous_3)","decl":{"start":{"line":29,"column":12},"end":{"line":29,"column":13}},"loc":{"start":{"line":29,"column":18},"end":{"line":39,"column":3}},"line":29},"4":{"name":"fetchRecipesByCategory","decl":{"start":{"line":32,"column":19},"end":{"line":32,"column":41}},"loc":{"start":{"line":32,"column":44},"end":{"line":35,"column":5}},"line":32},"5":{"name":"(anonymous_5)","decl":{"start":{"line":41,"column":12},"end":{"line":41,"column":13}},"loc":{"start":{"line":41,"column":18},"end":{"line":63,"column":3}},"line":41},"6":{"name":"fetchRecipes","decl":{"start":{"line":58,"column":19},"end":{"line":58,"column":31}},"loc":{"start":{"line":58,"column":34},"end":{"line":61,"column":5}},"line":58},"7":{"name":"(anonymous_7)","decl":{"start":{"line":67,"column":12},"end":{"line":67,"column":13}},"loc":{"start":{"line":67,"column":18},"end":{"line":73,"column":3}},"line":67},"8":{"name":"(anonymous_8)","decl":{"start":{"line":75,"column":31},"end":{"line":75,"column":32}},"loc":{"start":{"line":75,"column":51},"end":{"line":82,"column":3}},"line":75},"9":{"name":"(anonymous_9)","decl":{"start":{"line":92,"column":20},"end":{"line":92,"column":21}},"loc":{"start":{"line":92,"column":26},"end":{"line":92,"column":64}},"line":92},"10":{"name":"(anonymous_10)","decl":{"start":{"line":99,"column":17},"end":{"line":99,"column":18}},"loc":{"start":{"line":100,"column":14},"end":{"line":108,"column":23}},"line":100},"11":{"name":"(anonymous_11)","decl":{"start":{"line":105,"column":26},"end":{"line":105,"column":27}},"loc":{"start":{"line":105,"column":32},"end":{"line":105,"column":65}},"line":105},"12":{"name":"(anonymous_12)","decl":{"start":{"line":115,"column":20},"end":{"line":115,"column":21}},"loc":{"start":{"line":115,"column":34},"end":{"line":115,"column":57}},"line":115},"13":{"name":"(anonymous_13)","decl":{"start":{"line":116,"column":17},"end":{"line":116,"column":18}},"loc":{"start":{"line":117,"column":14},"end":{"line":122,"column":16}},"line":117}},"branchMap":{"0":{"loc":{"start":{"line":36,"column":4},"end":{"line":38,"column":5}},"type":"if","locations":[{"start":{"line":36,"column":4},"end":{"line":38,"column":5}},{"start":{},"end":{}}],"line":36},"1":{"loc":{"start":{"line":44,"column":4},"end":{"line":56,"column":5}},"type":"switch","locations":[{"start":{"line":45,"column":4},"end":{"line":47,"column":12}},{"start":{"line":48,"column":4},"end":{"line":50,"column":12}},{"start":{"line":51,"column":4},"end":{"line":53,"column":12}},{"start":{"line":54,"column":4},"end":{"line":55,"column":12}}],"line":44},"2":{"loc":{"start":{"line":68,"column":4},"end":{"line":72,"column":5}},"type":"if","locations":[{"start":{"line":68,"column":4},"end":{"line":72,"column":5}},{"start":{"line":70,"column":11},"end":{"line":72,"column":5}}],"line":68},"3":{"loc":{"start":{"line":70,"column":11},"end":{"line":72,"column":5}},"type":"if","locations":[{"start":{"line":70,"column":11},"end":{"line":72,"column":5}},{"start":{},"end":{}}],"line":70},"4":{"loc":{"start":{"line":70,"column":15},"end":{"line":70,"column":60}},"type":"binary-expr","locations":[{"start":{"line":70,"column":15},"end":{"line":70,"column":35}},{"start":{"line":70,"column":39},"end":{"line":70,"column":60}}],"line":70},"5":{"loc":{"start":{"line":76,"column":4},"end":{"line":81,"column":5}},"type":"if","locations":[{"start":{"line":76,"column":4},"end":{"line":81,"column":5}},{"start":{"line":79,"column":11},"end":{"line":81,"column":5}}],"line":76},"6":{"loc":{"start":{"line":97,"column":10},"end":{"line":109,"column":14}},"type":"binary-expr","locations":[{"start":{"line":97,"column":10},"end":{"line":97,"column":20}},{"start":{"line":97,"column":24},"end":{"line":109,"column":14}}],"line":97},"7":{"loc":{"start":{"line":114,"column":10},"end":{"line":123,"column":14}},"type":"binary-expr","locations":[{"start":{"line":114,"column":10},"end":{"line":114,"column":17}},{"start":{"line":114,"column":21},"end":{"line":123,"column":14}}],"line":114}},"s":{"0":1,"1":1,"2":44,"3":44,"4":44,"5":44,"6":44,"7":12,"8":12,"9":12,"10":12,"11":44,"12":13,"13":1,"14":1,"15":13,"16":1,"17":44,"18":14,"19":14,"20":14,"21":12,"22":12,"23":1,"24":1,"25":1,"26":1,"27":0,"28":14,"29":14,"30":14,"31":44,"32":44,"33":28,"34":1,"35":27,"36":0,"37":44,"38":1,"39":0,"40":0,"41":1,"42":44,"43":0,"44":160,"45":1,"46":59,"47":59},"f":{"0":44,"1":12,"2":12,"3":13,"4":1,"5":14,"6":14,"7":28,"8":1,"9":0,"10":160,"11":1,"12":59,"13":59},"b":{"0":[1,12],"1":[12,1,1,0],"2":[1,27],"3":[0,27],"4":[27,0],"5":[0,1],"6":[44,44],"7":[44,43]},"_coverageSchema":"1a1c01bbd47fc00a2c39e90264f33305004495a9","hash":"bea758c46d56e16a972d1607313cf5145d8f1e5e"}
,"/Users/pauloafonso/Desktop/trybe/refactoring_projects/Recipes-App/src/pages/DrinksInProgress/index.js": {"path":"/Users/pauloafonso/Desktop/trybe/refactoring_projects/Recipes-App/src/pages/DrinksInProgress/index.js","statementMap":{"0":{"start":{"line":12,"column":27},"end":{"line":12,"column":29}},"1":{"start":{"line":13,"column":34},"end":{"line":13,"column":36}},"2":{"start":{"line":14,"column":0},"end":{"line":16,"column":1}},"3":{"start":{"line":14,"column":17},"end":{"line":14,"column":18}},"4":{"start":{"line":15,"column":2},"end":{"line":15,"column":33}},"5":{"start":{"line":19,"column":28},"end":{"line":19,"column":40}},"6":{"start":{"line":20,"column":40},"end":{"line":20,"column":52}},"7":{"start":{"line":21,"column":34},"end":{"line":21,"column":49}},"8":{"start":{"line":22,"column":38},"end":{"line":22,"column":53}},"9":{"start":{"line":23,"column":17},"end":{"line":23,"column":28}},"10":{"start":{"line":24,"column":18},"end":{"line":24,"column":30}},"11":{"start":{"line":26,"column":28},"end":{"line":26,"column":77}},"12":{"start":{"line":27,"column":48},"end":{"line":27,"column":89}},"13":{"start":{"line":29,"column":2},"end":{"line":42,"column":14}},"14":{"start":{"line":30,"column":4},"end":{"line":41,"column":5}},"15":{"start":{"line":31,"column":29},"end":{"line":39,"column":8}},"16":{"start":{"line":32,"column":30},"end":{"line":35,"column":9}},"17":{"start":{"line":36,"column":8},"end":{"line":36,"column":29}},"18":{"start":{"line":38,"column":8},"end":{"line":38,"column":85}},"19":{"start":{"line":40,"column":6},"end":{"line":40,"column":37}},"20":{"start":{"line":44,"column":2},"end":{"line":50,"column":11}},"21":{"start":{"line":46,"column":24},"end":{"line":46,"column":114}},"22":{"start":{"line":47,"column":6},"end":{"line":47,"column":29}},"23":{"start":{"line":49,"column":4},"end":{"line":49,"column":16}},"24":{"start":{"line":52,"column":2},"end":{"line":60,"column":11}},"25":{"start":{"line":53,"column":28},"end":{"line":53,"column":62}},"26":{"start":{"line":54,"column":4},"end":{"line":59,"column":5}},"27":{"start":{"line":55,"column":32},"end":{"line":55,"column":84}},"28":{"start":{"line":55,"column":65},"end":{"line":55,"column":83}},"29":{"start":{"line":56,"column":6},"end":{"line":58,"column":7}},"30":{"start":{"line":57,"column":8},"end":{"line":57,"column":28}},"31":{"start":{"line":62,"column":22},"end":{"line":68,"column":3}},"32":{"start":{"line":63,"column":21},"end":{"line":63,"column":46}},"33":{"start":{"line":64,"column":24},"end":{"line":64,"column":54}},"34":{"start":{"line":65,"column":24},"end":{"line":65,"column":64}},"35":{"start":{"line":66,"column":4},"end":{"line":66,"column":22}},"36":{"start":{"line":67,"column":4},"end":{"line":67,"column":22}},"37":{"start":{"line":70,"column":25},"end":{"line":97,"column":3}},"38":{"start":{"line":71,"column":67},"end":{"line":71,"column":72}},"39":{"start":{"line":72,"column":29},"end":{"line":72,"column":68}},"40":{"start":{"line":73,"column":4},"end":{"line":73,"column":31}},"41":{"start":{"line":75,"column":26},"end":{"line":83,"column":5}},"42":{"start":{"line":85,"column":4},"end":{"line":96,"column":5}},"43":{"start":{"line":86,"column":6},"end":{"line":86,"column":79}},"44":{"start":{"line":87,"column":11},"end":{"line":96,"column":5}},"45":{"start":{"line":88,"column":43},"end":{"line":89,"column":51}},"46":{"start":{"line":89,"column":31},"end":{"line":89,"column":50}},"47":{"start":{"line":90,"column":6},"end":{"line":90,"column":71}},"48":{"start":{"line":92,"column":6},"end":{"line":95,"column":8}},"49":{"start":{"line":99,"column":32},"end":{"line":117,"column":3}},"50":{"start":{"line":100,"column":30},"end":{"line":100,"column":42}},"51":{"start":{"line":103,"column":4},"end":{"line":116,"column":5}},"52":{"start":{"line":104,"column":6},"end":{"line":104,"column":60}},"53":{"start":{"line":105,"column":6},"end":{"line":105,"column":67}},"54":{"start":{"line":106,"column":35},"end":{"line":112,"column":7}},"55":{"start":{"line":114,"column":6},"end":{"line":114,"column":45}},"56":{"start":{"line":115,"column":6},"end":{"line":115,"column":65}},"57":{"start":{"line":119,"column":22},"end":{"line":141,"column":3}},"58":{"start":{"line":120,"column":76},"end":{"line":120,"column":81}},"59":{"start":{"line":121,"column":23},"end":{"line":131,"column":5}},"60":{"start":{"line":132,"column":24},"end":{"line":132,"column":54}},"61":{"start":{"line":133,"column":4},"end":{"line":139,"column":5}},"62":{"start":{"line":134,"column":6},"end":{"line":134,"column":51}},"63":{"start":{"line":136,"column":6},"end":{"line":138,"column":8}},"64":{"start":{"line":140,"column":4},"end":{"line":140,"column":34}},"65":{"start":{"line":143,"column":24},"end":{"line":198,"column":3}},"66":{"start":{"line":144,"column":84},"end":{"line":144,"column":89}},"67":{"start":{"line":145,"column":4},"end":{"line":197,"column":6}},"68":{"start":{"line":173,"column":14},"end":{"line":180,"column":16}},"69":{"start":{"line":199,"column":2},"end":{"line":203,"column":4}}},"fnMap":{"0":{"name":"DrinksInProgress","decl":{"start":{"line":18,"column":9},"end":{"line":18,"column":25}},"loc":{"start":{"line":18,"column":28},"end":{"line":204,"column":1}},"line":18},"1":{"name":"(anonymous_1)","decl":{"start":{"line":29,"column":12},"end":{"line":29,"column":13}},"loc":{"start":{"line":29,"column":18},"end":{"line":42,"column":3}},"line":29},"2":{"name":"(anonymous_2)","decl":{"start":{"line":31,"column":52},"end":{"line":31,"column":53}},"loc":{"start":{"line":31,"column":63},"end":{"line":37,"column":7}},"line":31},"3":{"name":"(anonymous_3)","decl":{"start":{"line":37,"column":16},"end":{"line":37,"column":17}},"loc":{"start":{"line":38,"column":8},"end":{"line":38,"column":85}},"line":38},"4":{"name":"(anonymous_4)","decl":{"start":{"line":44,"column":12},"end":{"line":44,"column":13}},"loc":{"start":{"line":44,"column":18},"end":{"line":50,"column":3}},"line":44},"5":{"name":"fetchById","decl":{"start":{"line":45,"column":19},"end":{"line":45,"column":28}},"loc":{"start":{"line":45,"column":31},"end":{"line":48,"column":5}},"line":45},"6":{"name":"(anonymous_6)","decl":{"start":{"line":52,"column":12},"end":{"line":52,"column":13}},"loc":{"start":{"line":52,"column":18},"end":{"line":60,"column":3}},"line":52},"7":{"name":"(anonymous_7)","decl":{"start":{"line":55,"column":53},"end":{"line":55,"column":54}},"loc":{"start":{"line":55,"column":65},"end":{"line":55,"column":83}},"line":55},"8":{"name":"(anonymous_8)","decl":{"start":{"line":62,"column":22},"end":{"line":62,"column":23}},"loc":{"start":{"line":62,"column":28},"end":{"line":68,"column":3}},"line":62},"9":{"name":"(anonymous_9)","decl":{"start":{"line":70,"column":25},"end":{"line":70,"column":26}},"loc":{"start":{"line":70,"column":31},"end":{"line":97,"column":3}},"line":70},"10":{"name":"(anonymous_10)","decl":{"start":{"line":89,"column":16},"end":{"line":89,"column":17}},"loc":{"start":{"line":89,"column":31},"end":{"line":89,"column":50}},"line":89},"11":{"name":"(anonymous_11)","decl":{"start":{"line":99,"column":32},"end":{"line":99,"column":33}},"loc":{"start":{"line":99,"column":44},"end":{"line":117,"column":3}},"line":99},"12":{"name":"(anonymous_12)","decl":{"start":{"line":119,"column":22},"end":{"line":119,"column":23}},"loc":{"start":{"line":119,"column":28},"end":{"line":141,"column":3}},"line":119},"13":{"name":"(anonymous_13)","decl":{"start":{"line":143,"column":24},"end":{"line":143,"column":25}},"loc":{"start":{"line":143,"column":30},"end":{"line":198,"column":3}},"line":143},"14":{"name":"(anonymous_14)","decl":{"start":{"line":172,"column":17},"end":{"line":172,"column":18}},"loc":{"start":{"line":173,"column":14},"end":{"line":180,"column":16}},"line":173}},"branchMap":{"0":{"loc":{"start":{"line":30,"column":4},"end":{"line":41,"column":5}},"type":"if","locations":[{"start":{"line":30,"column":4},"end":{"line":41,"column":5}},{"start":{},"end":{}}],"line":30},"1":{"loc":{"start":{"line":38,"column":8},"end":{"line":38,"column":85}},"type":"binary-expr","locations":[{"start":{"line":38,"column":8},"end":{"line":38,"column":28}},{"start":{"line":38,"column":32},"end":{"line":38,"column":54}},{"start":{"line":38,"column":58},"end":{"line":38,"column":85}}],"line":38},"2":{"loc":{"start":{"line":54,"column":4},"end":{"line":59,"column":5}},"type":"if","locations":[{"start":{"line":54,"column":4},"end":{"line":59,"column":5}},{"start":{},"end":{}}],"line":54},"3":{"loc":{"start":{"line":56,"column":6},"end":{"line":58,"column":7}},"type":"if","locations":[{"start":{"line":56,"column":6},"end":{"line":58,"column":7}},{"start":{},"end":{}}],"line":56},"4":{"loc":{"start":{"line":85,"column":4},"end":{"line":96,"column":5}},"type":"if","locations":[{"start":{"line":85,"column":4},"end":{"line":96,"column":5}},{"start":{"line":87,"column":11},"end":{"line":96,"column":5}}],"line":85},"5":{"loc":{"start":{"line":87,"column":11},"end":{"line":96,"column":5}},"type":"if","locations":[{"start":{"line":87,"column":11},"end":{"line":96,"column":5}},{"start":{"line":91,"column":11},"end":{"line":96,"column":5}}],"line":87},"6":{"loc":{"start":{"line":103,"column":4},"end":{"line":116,"column":5}},"type":"if","locations":[{"start":{"line":103,"column":4},"end":{"line":116,"column":5}},{"start":{},"end":{}}],"line":103},"7":{"loc":{"start":{"line":130,"column":12},"end":{"line":130,"column":45}},"type":"cond-expr","locations":[{"start":{"line":130,"column":31},"end":{"line":130,"column":40}},{"start":{"line":130,"column":43},"end":{"line":130,"column":45}}],"line":130},"8":{"loc":{"start":{"line":133,"column":4},"end":{"line":139,"column":5}},"type":"if","locations":[{"start":{"line":133,"column":4},"end":{"line":139,"column":5}},{"start":{"line":135,"column":11},"end":{"line":139,"column":5}}],"line":133},"9":{"loc":{"start":{"line":166,"column":13},"end":{"line":166,"column":44}},"type":"binary-expr","locations":[{"start":{"line":166,"column":13},"end":{"line":166,"column":21}},{"start":{"line":166,"column":25},"end":{"line":166,"column":44}}],"line":166},"10":{"loc":{"start":{"line":177,"column":26},"end":{"line":177,"column":49}},"type":"binary-expr","locations":[{"start":{"line":177,"column":26},"end":{"line":177,"column":36}},{"start":{"line":177,"column":40},"end":{"line":177,"column":49}}],"line":177},"11":{"loc":{"start":{"line":201,"column":7},"end":{"line":201,"column":64}},"type":"binary-expr","locations":[{"start":{"line":201,"column":8},"end":{"line":201,"column":22}},{"start":{"line":201,"column":26},"end":{"line":201,"column":44}},{"start":{"line":201,"column":49},"end":{"line":201,"column":64}}],"line":201}},"s":{"0":1,"1":1,"2":1,"3":1,"4":20,"5":58,"6":58,"7":58,"8":58,"9":58,"10":58,"11":58,"12":58,"13":58,"14":32,"15":16,"16":320,"17":320,"18":320,"19":16,"20":58,"21":16,"22":16,"23":16,"24":58,"25":16,"26":16,"27":0,"28":0,"29":0,"30":0,"31":58,"32":0,"33":0,"34":0,"35":0,"36":0,"37":58,"38":1,"39":1,"40":1,"41":1,"42":1,"43":1,"44":0,"45":0,"46":0,"47":0,"48":0,"49":58,"50":11,"51":11,"52":11,"53":11,"54":11,"55":11,"56":11,"57":58,"58":1,"59":1,"60":1,"61":1,"62":1,"63":0,"64":1,"65":58,"66":26,"67":26,"68":78,"69":58},"f":{"0":58,"1":32,"2":320,"3":320,"4":16,"5":16,"6":16,"7":0,"8":0,"9":1,"10":0,"11":11,"12":1,"13":26,"14":78},"b":{"0":[16,16],"1":[320,320,128],"2":[0,16],"3":[0,0],"4":[1,0],"5":[0,0],"6":[11,0],"7":[0,1],"8":[1,0],"9":[26,0],"10":[78,52],"11":[58,42,26]},"_coverageSchema":"1a1c01bbd47fc00a2c39e90264f33305004495a9","hash":"406981355950926f000f2c9bde8b2890a237f644"}
,"/Users/pauloafonso/Desktop/trybe/refactoring_projects/Recipes-App/src/pages/ExDrinksIngredients/index.js": {"path":"/Users/pauloafonso/Desktop/trybe/refactoring_projects/Recipes-App/src/pages/ExDrinksIngredients/index.js","statementMap":{"0":{"start":{"line":9,"column":23},"end":{"line":9,"column":25}},"1":{"start":{"line":12,"column":40},"end":{"line":12,"column":52}},"2":{"start":{"line":13,"column":24},"end":{"line":13,"column":45}},"3":{"start":{"line":14,"column":18},"end":{"line":14,"column":30}},"4":{"start":{"line":15,"column":2},"end":{"line":21,"column":9}},"5":{"start":{"line":17,"column":41},"end":{"line":17,"column":128}},"6":{"start":{"line":18,"column":6},"end":{"line":18,"column":49}},"7":{"start":{"line":20,"column":4},"end":{"line":20,"column":20}},"8":{"start":{"line":23,"column":22},"end":{"line":26,"column":3}},"9":{"start":{"line":24,"column":4},"end":{"line":24,"column":61}},"10":{"start":{"line":25,"column":4},"end":{"line":25,"column":28}},"11":{"start":{"line":27,"column":2},"end":{"line":48,"column":4}},"12":{"start":{"line":35,"column":32},"end":{"line":35,"column":54}},"13":{"start":{"line":37,"column":12},"end":{"line":43,"column":14}}},"fnMap":{"0":{"name":"ExDrinksIngredients","decl":{"start":{"line":11,"column":9},"end":{"line":11,"column":28}},"loc":{"start":{"line":11,"column":31},"end":{"line":49,"column":1}},"line":11},"1":{"name":"(anonymous_1)","decl":{"start":{"line":15,"column":12},"end":{"line":15,"column":13}},"loc":{"start":{"line":15,"column":18},"end":{"line":21,"column":3}},"line":15},"2":{"name":"fetchDrinkApi","decl":{"start":{"line":16,"column":19},"end":{"line":16,"column":32}},"loc":{"start":{"line":16,"column":35},"end":{"line":19,"column":5}},"line":16},"3":{"name":"(anonymous_3)","decl":{"start":{"line":23,"column":22},"end":{"line":23,"column":23}},"loc":{"start":{"line":23,"column":42},"end":{"line":26,"column":3}},"line":23},"4":{"name":"(anonymous_4)","decl":{"start":{"line":35,"column":18},"end":{"line":35,"column":19}},"loc":{"start":{"line":35,"column":32},"end":{"line":35,"column":54}},"line":35},"5":{"name":"(anonymous_5)","decl":{"start":{"line":36,"column":15},"end":{"line":36,"column":16}},"loc":{"start":{"line":37,"column":12},"end":{"line":43,"column":14}},"line":37}},"branchMap":{"0":{"loc":{"start":{"line":34,"column":9},"end":{"line":44,"column":12}},"type":"binary-expr","locations":[{"start":{"line":34,"column":9},"end":{"line":34,"column":31}},{"start":{"line":34,"column":35},"end":{"line":44,"column":12}}],"line":34}},"s":{"0":1,"1":17,"2":17,"3":17,"4":17,"5":8,"6":8,"7":8,"8":17,"9":1,"10":1,"11":17,"12":45,"13":45},"f":{"0":17,"1":8,"2":8,"3":1,"4":45,"5":45},"b":{"0":[17,9]},"_coverageSchema":"1a1c01bbd47fc00a2c39e90264f33305004495a9","hash":"f478443d500ef5ec128b1a2d1d129ebcd7eff600"}
,"/Users/pauloafonso/Desktop/trybe/refactoring_projects/Recipes-App/src/pages/ExFoodsIngredients/index.js": {"path":"/Users/pauloafonso/Desktop/trybe/refactoring_projects/Recipes-App/src/pages/ExFoodsIngredients/index.js","statementMap":{"0":{"start":{"line":9,"column":23},"end":{"line":9,"column":25}},"1":{"start":{"line":12,"column":40},"end":{"line":12,"column":52}},"2":{"start":{"line":13,"column":24},"end":{"line":13,"column":45}},"3":{"start":{"line":14,"column":18},"end":{"line":14,"column":30}},"4":{"start":{"line":15,"column":2},"end":{"line":21,"column":9}},"5":{"start":{"line":17,"column":40},"end":{"line":17,"column":122}},"6":{"start":{"line":18,"column":6},"end":{"line":18,"column":48}},"7":{"start":{"line":20,"column":4},"end":{"line":20,"column":20}},"8":{"start":{"line":23,"column":22},"end":{"line":26,"column":3}},"9":{"start":{"line":24,"column":4},"end":{"line":24,"column":61}},"10":{"start":{"line":25,"column":4},"end":{"line":25,"column":27}},"11":{"start":{"line":27,"column":2},"end":{"line":48,"column":4}},"12":{"start":{"line":35,"column":32},"end":{"line":35,"column":54}},"13":{"start":{"line":37,"column":12},"end":{"line":43,"column":14}}},"fnMap":{"0":{"name":"ExFoodsIngredients","decl":{"start":{"line":11,"column":9},"end":{"line":11,"column":27}},"loc":{"start":{"line":11,"column":30},"end":{"line":49,"column":1}},"line":11},"1":{"name":"(anonymous_1)","decl":{"start":{"line":15,"column":12},"end":{"line":15,"column":13}},"loc":{"start":{"line":15,"column":18},"end":{"line":21,"column":3}},"line":15},"2":{"name":"fetchDrinkApi","decl":{"start":{"line":16,"column":19},"end":{"line":16,"column":32}},"loc":{"start":{"line":16,"column":35},"end":{"line":19,"column":5}},"line":16},"3":{"name":"(anonymous_3)","decl":{"start":{"line":23,"column":22},"end":{"line":23,"column":23}},"loc":{"start":{"line":23,"column":42},"end":{"line":26,"column":3}},"line":23},"4":{"name":"(anonymous_4)","decl":{"start":{"line":35,"column":18},"end":{"line":35,"column":19}},"loc":{"start":{"line":35,"column":32},"end":{"line":35,"column":54}},"line":35},"5":{"name":"(anonymous_5)","decl":{"start":{"line":36,"column":15},"end":{"line":36,"column":16}},"loc":{"start":{"line":37,"column":12},"end":{"line":43,"column":14}},"line":37}},"branchMap":{"0":{"loc":{"start":{"line":34,"column":9},"end":{"line":44,"column":12}},"type":"binary-expr","locations":[{"start":{"line":34,"column":9},"end":{"line":34,"column":31}},{"start":{"line":34,"column":35},"end":{"line":44,"column":12}}],"line":34}},"s":{"0":1,"1":17,"2":17,"3":17,"4":17,"5":8,"6":8,"7":8,"8":17,"9":1,"10":1,"11":17,"12":36,"13":36},"f":{"0":17,"1":8,"2":8,"3":1,"4":36,"5":36},"b":{"0":[17,9]},"_coverageSchema":"1a1c01bbd47fc00a2c39e90264f33305004495a9","hash":"54a75e99683715ac223afa6f6017524f1a1f55e1"}
,"/Users/pauloafonso/Desktop/trybe/refactoring_projects/Recipes-App/src/pages/ExFoodsNationalities/index.js": {"path":"/Users/pauloafonso/Desktop/trybe/refactoring_projects/Recipes-App/src/pages/ExFoodsNationalities/index.js","statementMap":{"0":{"start":{"line":8,"column":44},"end":{"line":8,"column":56}},"1":{"start":{"line":9,"column":36},"end":{"line":9,"column":48}},"2":{"start":{"line":11,"column":25},"end":{"line":11,"column":29}},"3":{"start":{"line":14,"column":2},"end":{"line":21,"column":9}},"4":{"start":{"line":16,"column":18},"end":{"line":16,"column":75}},"5":{"start":{"line":17,"column":33},"end":{"line":17,"column":61}},"6":{"start":{"line":18,"column":6},"end":{"line":18,"column":43}},"7":{"start":{"line":20,"column":4},"end":{"line":20,"column":25}},"8":{"start":{"line":24,"column":2},"end":{"line":31,"column":9}},"9":{"start":{"line":26,"column":18},"end":{"line":26,"column":73}},"10":{"start":{"line":27,"column":24},"end":{"line":27,"column":52}},"11":{"start":{"line":28,"column":6},"end":{"line":28,"column":30}},"12":{"start":{"line":30,"column":4},"end":{"line":30,"column":17}},"13":{"start":{"line":35,"column":16},"end":{"line":35,"column":79}},"14":{"start":{"line":36,"column":30},"end":{"line":36,"column":58}},"15":{"start":{"line":37,"column":4},"end":{"line":37,"column":36}},"16":{"start":{"line":40,"column":23},"end":{"line":47,"column":3}},"17":{"start":{"line":41,"column":4},"end":{"line":46,"column":5}},"18":{"start":{"line":42,"column":24},"end":{"line":42,"column":104}},"19":{"start":{"line":43,"column":6},"end":{"line":43,"column":30}},"20":{"start":{"line":45,"column":6},"end":{"line":45,"column":37}},"21":{"start":{"line":49,"column":2},"end":{"line":86,"column":4}},"22":{"start":{"line":60,"column":14},"end":{"line":66,"column":23}},"23":{"start":{"line":73,"column":34},"end":{"line":73,"column":56}},"24":{"start":{"line":75,"column":14},"end":{"line":80,"column":16}}},"fnMap":{"0":{"name":"ExFoodsNationalities","decl":{"start":{"line":7,"column":9},"end":{"line":7,"column":29}},"loc":{"start":{"line":7,"column":32},"end":{"line":87,"column":1}},"line":7},"1":{"name":"(anonymous_1)","decl":{"start":{"line":14,"column":12},"end":{"line":14,"column":13}},"loc":{"start":{"line":14,"column":18},"end":{"line":21,"column":3}},"line":14},"2":{"name":"fetchNationalities","decl":{"start":{"line":15,"column":19},"end":{"line":15,"column":37}},"loc":{"start":{"line":15,"column":40},"end":{"line":19,"column":5}},"line":15},"3":{"name":"(anonymous_3)","decl":{"start":{"line":24,"column":12},"end":{"line":24,"column":13}},"loc":{"start":{"line":24,"column":18},"end":{"line":31,"column":3}},"line":24},"4":{"name":"fetchFoods","decl":{"start":{"line":25,"column":19},"end":{"line":25,"column":29}},"loc":{"start":{"line":25,"column":32},"end":{"line":29,"column":5}},"line":25},"5":{"name":"fetchNationalitiesCards","decl":{"start":{"line":34,"column":17},"end":{"line":34,"column":40}},"loc":{"start":{"line":34,"column":48},"end":{"line":38,"column":3}},"line":34},"6":{"name":"(anonymous_6)","decl":{"start":{"line":40,"column":23},"end":{"line":40,"column":24}},"loc":{"start":{"line":40,"column":56},"end":{"line":47,"column":3}},"line":40},"7":{"name":"(anonymous_7)","decl":{"start":{"line":59,"column":17},"end":{"line":59,"column":18}},"loc":{"start":{"line":60,"column":14},"end":{"line":66,"column":23}},"line":60},"8":{"name":"(anonymous_8)","decl":{"start":{"line":73,"column":20},"end":{"line":73,"column":21}},"loc":{"start":{"line":73,"column":34},"end":{"line":73,"column":56}},"line":73},"9":{"name":"(anonymous_9)","decl":{"start":{"line":74,"column":17},"end":{"line":74,"column":18}},"loc":{"start":{"line":75,"column":14},"end":{"line":80,"column":16}},"line":75}},"branchMap":{"0":{"loc":{"start":{"line":41,"column":4},"end":{"line":46,"column":5}},"type":"if","locations":[{"start":{"line":41,"column":4},"end":{"line":46,"column":5}},{"start":{"line":44,"column":11},"end":{"line":46,"column":5}}],"line":41},"1":{"loc":{"start":{"line":58,"column":10},"end":{"line":67,"column":14}},"type":"binary-expr","locations":[{"start":{"line":58,"column":10},"end":{"line":58,"column":34}},{"start":{"line":58,"column":38},"end":{"line":67,"column":14}}],"line":58},"2":{"loc":{"start":{"line":72,"column":10},"end":{"line":81,"column":14}},"type":"binary-expr","locations":[{"start":{"line":72,"column":10},"end":{"line":72,"column":19}},{"start":{"line":72,"column":23},"end":{"line":81,"column":14}}],"line":72}},"s":{"0":31,"1":31,"2":31,"3":31,"4":10,"5":10,"6":10,"7":10,"8":31,"9":10,"10":10,"11":10,"12":10,"13":1,"14":1,"15":1,"16":31,"17":1,"18":0,"19":0,"20":1,"21":31,"22":147,"23":35,"24":35},"f":{"0":31,"1":10,"2":10,"3":10,"4":10,"5":1,"6":1,"7":147,"8":35,"9":35},"b":{"0":[0,1],"1":[31,21],"2":[31,31]},"_coverageSchema":"1a1c01bbd47fc00a2c39e90264f33305004495a9","hash":"eb2452aa1cca6fcd718792954188aa83ca459f03"}
,"/Users/pauloafonso/Desktop/trybe/refactoring_projects/Recipes-App/src/pages/Explore/index.js": {"path":"/Users/pauloafonso/Desktop/trybe/refactoring_projects/Recipes-App/src/pages/Explore/index.js","statementMap":{"0":{"start":{"line":8,"column":18},"end":{"line":8,"column":30}},"1":{"start":{"line":10,"column":2},"end":{"line":36,"column":4}},"2":{"start":{"line":21,"column":26},"end":{"line":21,"column":56}},"3":{"start":{"line":29,"column":26},"end":{"line":29,"column":57}}},"fnMap":{"0":{"name":"Explore","decl":{"start":{"line":7,"column":9},"end":{"line":7,"column":16}},"loc":{"start":{"line":7,"column":19},"end":{"line":37,"column":1}},"line":7},"1":{"name":"(anonymous_1)","decl":{"start":{"line":21,"column":20},"end":{"line":21,"column":21}},"loc":{"start":{"line":21,"column":26},"end":{"line":21,"column":56}},"line":21},"2":{"name":"(anonymous_2)","decl":{"start":{"line":29,"column":20},"end":{"line":29,"column":21}},"loc":{"start":{"line":29,"column":26},"end":{"line":29,"column":57}},"line":29}},"branchMap":{},"s":{"0":7,"1":7,"2":1,"3":1},"f":{"0":7,"1":1,"2":1},"b":{},"_coverageSchema":"1a1c01bbd47fc00a2c39e90264f33305004495a9","hash":"1700cd841fc299002d83170b30cf1d8822b5f989"}
,"/Users/pauloafonso/Desktop/trybe/refactoring_projects/Recipes-App/src/pages/ExploreDrinks/index.js": {"path":"/Users/pauloafonso/Desktop/trybe/refactoring_projects/Recipes-App/src/pages/ExploreDrinks/index.js","statementMap":{"0":{"start":{"line":8,"column":18},"end":{"line":8,"column":30}},"1":{"start":{"line":10,"column":32},"end":{"line":16,"column":3}},"2":{"start":{"line":11,"column":16},"end":{"line":11,"column":72}},"3":{"start":{"line":12,"column":21},"end":{"line":12,"column":37}},"4":{"start":{"line":13,"column":17},"end":{"line":13,"column":38}},"5":{"start":{"line":14,"column":22},"end":{"line":14,"column":33}},"6":{"start":{"line":15,"column":4},"end":{"line":15,"column":78}},"7":{"start":{"line":15,"column":42},"end":{"line":15,"column":76}},"8":{"start":{"line":18,"column":2},"end":{"line":44,"column":4}},"9":{"start":{"line":29,"column":26},"end":{"line":29,"column":69}}},"fnMap":{"0":{"name":"ExploreDrinks","decl":{"start":{"line":7,"column":9},"end":{"line":7,"column":22}},"loc":{"start":{"line":7,"column":25},"end":{"line":45,"column":1}},"line":7},"1":{"name":"(anonymous_1)","decl":{"start":{"line":10,"column":32},"end":{"line":10,"column":33}},"loc":{"start":{"line":10,"column":44},"end":{"line":16,"column":3}},"line":10},"2":{"name":"(anonymous_2)","decl":{"start":{"line":15,"column":25},"end":{"line":15,"column":26}},"loc":{"start":{"line":15,"column":42},"end":{"line":15,"column":76}},"line":15},"3":{"name":"(anonymous_3)","decl":{"start":{"line":29,"column":20},"end":{"line":29,"column":21}},"loc":{"start":{"line":29,"column":26},"end":{"line":29,"column":69}},"line":29}},"branchMap":{},"s":{"0":7,"1":7,"2":1,"3":1,"4":1,"5":1,"6":1,"7":1,"8":7,"9":1},"f":{"0":7,"1":1,"2":1,"3":1},"b":{},"_coverageSchema":"1a1c01bbd47fc00a2c39e90264f33305004495a9","hash":"cb4b5f13c47b90e17808d2fe32fd0b8f30b229fb"}
,"/Users/pauloafonso/Desktop/trybe/refactoring_projects/Recipes-App/src/pages/ExploreFoods/index.js": {"path":"/Users/pauloafonso/Desktop/trybe/refactoring_projects/Recipes-App/src/pages/ExploreFoods/index.js","statementMap":{"0":{"start":{"line":8,"column":18},"end":{"line":8,"column":30}},"1":{"start":{"line":10,"column":31},"end":{"line":16,"column":3}},"2":{"start":{"line":11,"column":16},"end":{"line":11,"column":68}},"3":{"start":{"line":12,"column":21},"end":{"line":12,"column":37}},"4":{"start":{"line":13,"column":17},"end":{"line":13,"column":38}},"5":{"start":{"line":14,"column":21},"end":{"line":14,"column":31}},"6":{"start":{"line":15,"column":4},"end":{"line":15,"column":74}},"7":{"start":{"line":15,"column":40},"end":{"line":15,"column":72}},"8":{"start":{"line":18,"column":2},"end":{"line":52,"column":4}},"9":{"start":{"line":29,"column":26},"end":{"line":29,"column":68}},"10":{"start":{"line":37,"column":26},"end":{"line":37,"column":70}}},"fnMap":{"0":{"name":"ExploreFoods","decl":{"start":{"line":7,"column":9},"end":{"line":7,"column":21}},"loc":{"start":{"line":7,"column":24},"end":{"line":53,"column":1}},"line":7},"1":{"name":"(anonymous_1)","decl":{"start":{"line":10,"column":31},"end":{"line":10,"column":32}},"loc":{"start":{"line":10,"column":43},"end":{"line":16,"column":3}},"line":10},"2":{"name":"(anonymous_2)","decl":{"start":{"line":15,"column":24},"end":{"line":15,"column":25}},"loc":{"start":{"line":15,"column":40},"end":{"line":15,"column":72}},"line":15},"3":{"name":"(anonymous_3)","decl":{"start":{"line":29,"column":20},"end":{"line":29,"column":21}},"loc":{"start":{"line":29,"column":26},"end":{"line":29,"column":68}},"line":29},"4":{"name":"(anonymous_4)","decl":{"start":{"line":37,"column":20},"end":{"line":37,"column":21}},"loc":{"start":{"line":37,"column":26},"end":{"line":37,"column":70}},"line":37}},"branchMap":{},"s":{"0":8,"1":8,"2":1,"3":1,"4":1,"5":1,"6":1,"7":1,"8":8,"9":1,"10":1},"f":{"0":8,"1":1,"2":1,"3":1,"4":1},"b":{},"_coverageSchema":"1a1c01bbd47fc00a2c39e90264f33305004495a9","hash":"2914b38e3ee49ed36f9972e33bbdc71c60f1851d"}
,"/Users/pauloafonso/Desktop/trybe/refactoring_projects/Recipes-App/src/pages/FavoriteRecipes/index.js": {"path":"/Users/pauloafonso/Desktop/trybe/refactoring_projects/Recipes-App/src/pages/FavoriteRecipes/index.js","statementMap":{"0":{"start":{"line":7,"column":54},"end":{"line":7,"column":66}},"1":{"start":{"line":8,"column":48},"end":{"line":8,"column":60}},"2":{"start":{"line":9,"column":30},"end":{"line":9,"column":45}},"3":{"start":{"line":12,"column":2},"end":{"line":21,"column":9}},"4":{"start":{"line":13,"column":34},"end":{"line":19,"column":5}},"5":{"start":{"line":14,"column":26},"end":{"line":14,"column":65}},"6":{"start":{"line":15,"column":6},"end":{"line":18,"column":7}},"7":{"start":{"line":16,"column":24},"end":{"line":16,"column":75}},"8":{"start":{"line":17,"column":8},"end":{"line":17,"column":39}},"9":{"start":{"line":20,"column":4},"end":{"line":20,"column":28}},"10":{"start":{"line":23,"column":2},"end":{"line":31,"column":35}},"11":{"start":{"line":24,"column":4},"end":{"line":30,"column":5}},"12":{"start":{"line":25,"column":6},"end":{"line":25,"column":45}},"13":{"start":{"line":27,"column":31},"end":{"line":28,"column":53}},"14":{"start":{"line":28,"column":29},"end":{"line":28,"column":51}},"15":{"start":{"line":29,"column":6},"end":{"line":29,"column":43}},"16":{"start":{"line":33,"column":22},"end":{"line":38,"column":3}},"17":{"start":{"line":34,"column":22},"end":{"line":34,"column":28}},"18":{"start":{"line":35,"column":4},"end":{"line":37,"column":5}},"19":{"start":{"line":36,"column":6},"end":{"line":36,"column":23}},"20":{"start":{"line":40,"column":2},"end":{"line":84,"column":4}},"21":{"start":{"line":75,"column":12},"end":{"line":80,"column":14}}},"fnMap":{"0":{"name":"FavoriteRecipes","decl":{"start":{"line":6,"column":9},"end":{"line":6,"column":24}},"loc":{"start":{"line":6,"column":27},"end":{"line":85,"column":1}},"line":6},"1":{"name":"(anonymous_1)","decl":{"start":{"line":12,"column":12},"end":{"line":12,"column":13}},"loc":{"start":{"line":12,"column":18},"end":{"line":21,"column":3}},"line":12},"2":{"name":"(anonymous_2)","decl":{"start":{"line":13,"column":34},"end":{"line":13,"column":35}},"loc":{"start":{"line":13,"column":40},"end":{"line":19,"column":5}},"line":13},"3":{"name":"(anonymous_3)","decl":{"start":{"line":23,"column":12},"end":{"line":23,"column":13}},"loc":{"start":{"line":23,"column":18},"end":{"line":31,"column":3}},"line":23},"4":{"name":"(anonymous_4)","decl":{"start":{"line":28,"column":16},"end":{"line":28,"column":17}},"loc":{"start":{"line":28,"column":29},"end":{"line":28,"column":51}},"line":28},"5":{"name":"(anonymous_5)","decl":{"start":{"line":33,"column":22},"end":{"line":33,"column":23}},"loc":{"start":{"line":33,"column":38},"end":{"line":38,"column":3}},"line":33},"6":{"name":"(anonymous_6)","decl":{"start":{"line":74,"column":15},"end":{"line":74,"column":16}},"loc":{"start":{"line":75,"column":12},"end":{"line":80,"column":14}},"line":75}},"branchMap":{"0":{"loc":{"start":{"line":15,"column":6},"end":{"line":18,"column":7}},"type":"if","locations":[{"start":{"line":15,"column":6},"end":{"line":18,"column":7}},{"start":{},"end":{}}],"line":15},"1":{"loc":{"start":{"line":24,"column":4},"end":{"line":30,"column":5}},"type":"if","locations":[{"start":{"line":24,"column":4},"end":{"line":30,"column":5}},{"start":{"line":26,"column":11},"end":{"line":30,"column":5}}],"line":24},"2":{"loc":{"start":{"line":35,"column":4},"end":{"line":37,"column":5}},"type":"if","locations":[{"start":{"line":35,"column":4},"end":{"line":37,"column":5}},{"start":{},"end":{}}],"line":35}},"s":{"0":32,"1":32,"2":32,"3":32,"4":8,"5":8,"6":8,"7":8,"8":8,"9":8,"10":32,"11":20,"12":17,"13":3,"14":6,"15":3,"16":32,"17":4,"18":4,"19":4,"20":32,"21":28},"f":{"0":32,"1":8,"2":8,"3":20,"4":6,"5":4,"6":28},"b":{"0":[8,0],"1":[17,3],"2":[4,0]},"_coverageSchema":"1a1c01bbd47fc00a2c39e90264f33305004495a9","hash":"6114bd19c7adcffde964290634e0be62c58babe5"}
,"/Users/pauloafonso/Desktop/trybe/refactoring_projects/Recipes-App/src/pages/Foods/index.js": {"path":"/Users/pauloafonso/Desktop/trybe/refactoring_projects/Recipes-App/src/pages/Foods/index.js","statementMap":{"0":{"start":{"line":10,"column":24},"end":{"line":10,"column":26}},"1":{"start":{"line":11,"column":27},"end":{"line":11,"column":28}},"2":{"start":{"line":14,"column":32},"end":{"line":14,"column":44}},"3":{"start":{"line":15,"column":38},"end":{"line":15,"column":50}},"4":{"start":{"line":16,"column":46},"end":{"line":16,"column":58}},"5":{"start":{"line":18,"column":32},"end":{"line":18,"column":53}},"6":{"start":{"line":20,"column":2},"end":{"line":28,"column":9}},"7":{"start":{"line":21,"column":21},"end":{"line":21,"column":78}},"8":{"start":{"line":24,"column":26},"end":{"line":24,"column":59}},"9":{"start":{"line":25,"column":6},"end":{"line":25,"column":33}},"10":{"start":{"line":27,"column":4},"end":{"line":27,"column":22}},"11":{"start":{"line":30,"column":2},"end":{"line":40,"column":23}},"12":{"start":{"line":31,"column":21},"end":{"line":31,"column":93}},"13":{"start":{"line":34,"column":26},"end":{"line":34,"column":59}},"14":{"start":{"line":35,"column":6},"end":{"line":35,"column":30}},"15":{"start":{"line":37,"column":4},"end":{"line":39,"column":5}},"16":{"start":{"line":38,"column":6},"end":{"line":38,"column":31}},"17":{"start":{"line":42,"column":2},"end":{"line":63,"column":15}},"18":{"start":{"line":43,"column":19},"end":{"line":43,"column":21}},"19":{"start":{"line":44,"column":4},"end":{"line":56,"column":5}},"20":{"start":{"line":46,"column":6},"end":{"line":46,"column":88}},"21":{"start":{"line":47,"column":6},"end":{"line":47,"column":12}},"22":{"start":{"line":49,"column":6},"end":{"line":49,"column":88}},"23":{"start":{"line":50,"column":6},"end":{"line":50,"column":12}},"24":{"start":{"line":52,"column":6},"end":{"line":52,"column":88}},"25":{"start":{"line":53,"column":6},"end":{"line":53,"column":12}},"26":{"start":{"line":55,"column":6},"end":{"line":55,"column":12}},"27":{"start":{"line":59,"column":26},"end":{"line":59,"column":59}},"28":{"start":{"line":60,"column":6},"end":{"line":60,"column":30}},"29":{"start":{"line":62,"column":4},"end":{"line":62,"column":19}},"30":{"start":{"line":65,"column":18},"end":{"line":65,"column":30}},"31":{"start":{"line":67,"column":2},"end":{"line":73,"column":41}},"32":{"start":{"line":68,"column":4},"end":{"line":72,"column":5}},"33":{"start":{"line":69,"column":6},"end":{"line":69,"column":78}},"34":{"start":{"line":70,"column":11},"end":{"line":72,"column":5}},"35":{"start":{"line":71,"column":6},"end":{"line":71,"column":50}},"36":{"start":{"line":75,"column":31},"end":{"line":82,"column":3}},"37":{"start":{"line":76,"column":4},"end":{"line":81,"column":5}},"38":{"start":{"line":77,"column":6},"end":{"line":77,"column":28}},"39":{"start":{"line":78,"column":6},"end":{"line":78,"column":45}},"40":{"start":{"line":80,"column":6},"end":{"line":80,"column":40}},"41":{"start":{"line":84,"column":2},"end":{"line":128,"column":4}},"42":{"start":{"line":92,"column":26},"end":{"line":92,"column":64}},"43":{"start":{"line":100,"column":14},"end":{"line":108,"column":23}},"44":{"start":{"line":105,"column":32},"end":{"line":105,"column":65}},"45":{"start":{"line":115,"column":34},"end":{"line":115,"column":57}},"46":{"start":{"line":117,"column":14},"end":{"line
[...]
,"/Users/pauloafonso/Desktop/trybe/refactoring_projects/Recipes-App/src/pages/NotFound/index.js": {"path":"/Users/pauloafonso/Desktop/trybe/refactoring_projects/Recipes-App/src/pages/NotFound/index.js","statementMap":{"0":{"start":{"line":5,"column":2},"end":{"line":12,"column":4}}},"fnMap":{"0":{"name":"NotFound","decl":{"start":{"line":4,"column":9},"end":{"line":4,"column":17}},"loc":{"start":{"line":4,"column":20},"end":{"line":13,"column":1}},"line":4}},"branchMap":{},"s":{"0":1},"f":{"0":1},"b":{},"_coverageSchema":"1a1c01bbd47fc00a2c39e90264f33305004495a9","hash":"23683f810ae8c64dbd4c3e581e4aa690879a0894"}
,"/Users/pauloafonso/Desktop/trybe/refactoring_projects/Recipes-App/src/pages/Profile/index.js": {"path":"/Users/pauloafonso/Desktop/trybe/refactoring_projects/Recipes-App/src/pages/Profile/index.js","statementMap":{"0":{"start":{"line":9,"column":18},"end":{"line":9,"column":30}},"1":{"start":{"line":10,"column":15},"end":{"line":10,"column":38}},"2":{"start":{"line":11,"column":16},"end":{"line":11,"column":38}},"3":{"start":{"line":13,"column":23},"end":{"line":16,"column":3}},"4":{"start":{"line":14,"column":4},"end":{"line":14,"column":25}},"5":{"start":{"line":15,"column":4},"end":{"line":15,"column":22}},"6":{"start":{"line":18,"column":2},"end":{"line":56,"column":4}},"7":{"start":{"line":33,"column":26},"end":{"line":33,"column":55}},"8":{"start":{"line":41,"column":26},"end":{"line":41,"column":59}},"9":{"start":{"line":49,"column":26},"end":{"line":49,"column":40}}},"fnMap":{"0":{"name":"Profile","decl":{"start":{"line":8,"column":9},"end":{"line":8,"column":16}},"loc":{"start":{"line":8,"column":19},"end":{"line":57,"column":1}},"line":8},"1":{"name":"(anonymous_1)","decl":{"start":{"line":13,"column":23},"end":{"line":13,"column":24}},"loc":{"start":{"line":13,"column":29},"end":{"line":16,"column":3}},"line":13},"2":{"name":"(anonymous_2)","decl":{"start":{"line":33,"column":20},"end":{"line":33,"column":21}},"loc":{"start":{"line":33,"column":26},"end":{"line":33,"column":55}},"line":33},"3":{"name":"(anonymous_3)","decl":{"start":{"line":41,"column":20},"end":{"line":41,"column":21}},"loc":{"start":{"line":41,"column":26},"end":{"line":41,"column":59}},"line":41},"4":{"name":"(anonymous_4)","decl":{"start":{"line":49,"column":20},"end":{"line":49,"column":21}},"loc":{"start":{"line":49,"column":26},"end":{"line":49,"column":40}},"line":49}},"branchMap":{"0":{"loc":{"start":{"line":11,"column":16},"end":{"line":11,"column":38}},"type":"cond-expr","locations":[{"start":{"line":11,"column":23},"end":{"line":11,"column":33}},{"start":{"line":11,"column":36},"end":{"line":11,"column":38}}],"line":11}},"s":{"0":10,"1":10,"2":10,"3":10,"4":1,"5":1,"6":10,"7":1,"8":1,"9":1},"f":{"0":10,"1":1,"2":1,"3":1,"4":1},"b":{"0":[10,0]},"_coverageSchema":"1a1c01bbd47fc00a2c39e90264f33305004495a9","hash":"e377c91cdf5500333bc697c2a9eb06f6b452d753"}
,"/Users/pauloafonso/Desktop/trybe/refactoring_projects/Recipes-App/src/services/fetchAPI.js": {"path":"/Users/pauloafonso/Desktop/trybe/refactoring_projects/Recipes-App/src/services/fetchAPI.js","statementMap":{"0":{"start":{"line":1,"column":17},"end":{"line":9,"column":1}},"1":{"start":{"line":2,"column":2},"end":{"line":8,"column":3}},"2":{"start":{"line":3,"column":21},"end":{"line":3,"column":42}},"3":{"start":{"line":4,"column":17},"end":{"line":4,"column":38}},"4":{"start":{"line":5,"column":4},"end":{"line":5,"column":22}}},"fnMap":{"0":{"name":"(anonymous_0)","decl":{"start":{"line":1,"column":17},"end":{"line":1,"column":18}},"loc":{"start":{"line":1,"column":43},"end":{"line":9,"column":1}},"line":1}},"branchMap":{},"s":{"0":9,"1":173,"2":173,"3":173,"4":173},"f":{"0":173},"b":{},"_coverageSchema":"1a1c01bbd47fc00a2c39e90264f33305004495a9","hash":"0606735f926ff98da53a82389dd4f78e2870f32f"}
,"/Users/pauloafonso/Desktop/trybe/refactoring_projects/Recipes-App/src/services/localStorage.js": {"path":"/Users/pauloafonso/Desktop/trybe/refactoring_projects/Recipes-App/src/services/localStorage.js","statementMap":{"0":{"start":{"line":1,"column":31},"end":{"line":3,"column":1}},"1":{"start":{"line":2,"column":2},"end":{"line":2,"column":50}},"2":{"start":{"line":5,"column":31},"end":{"line":5,"column":77}},"3":{"start":{"line":5,"column":40},"end":{"line":5,"column":77}},"4":{"start":{"line":7,"column":48},"end":{"line":28,"column":1}},"5":{"start":{"line":8,"column":26},"end":{"line":8,"column":62}},"6":{"start":{"line":10,"column":2},"end":{"line":12,"column":3}},"7":{"start":{"line":11,"column":4},"end":{"line":11,"column":53}},"8":{"start":{"line":14,"column":2},"end":{"line":16,"column":3}},"9":{"start":{"line":15,"column":4},"end":{"line":15,"column":60}},"10":{"start":{"line":17,"column":2},"end":{"line":19,"column":3}},"11":{"start":{"line":18,"column":4},"end":{"line":18,"column":64}},"12":{"start":{"line":21,"column":2},"end":{"line":23,"column":3}},"13":{"start":{"line":22,"column":4},"end":{"line":22,"column":37}},"14":{"start":{"line":25,"column":2},"end":{"line":25,"column":58}},"15":{"start":{"line":27,"column":2},"end":{"line":27,"column":27}}},"fnMap":{"0":{"name":"(anonymous_0)","decl":{"start":{"line":1,"column":31},"end":{"line":1,"column":32}},"loc":{"start":{"line":1,"column":46},"end":{"line":3,"column":1}},"line":1},"1":{"name":"(anonymous_1)","decl":{"start":{"line":5,"column":31},"end":{"line":5,"column":32}},"loc":{"start":{"line":5,"column":40},"end":{"line":5,"column":77}},"line":5},"2":{"name":"(anonymous_2)","decl":{"start":{"line":7,"column":48},"end":{"line":7,"column":49}},"loc":{"start":{"line":7,"column":62},"end":{"line":28,"column":1}},"line":7}},"branchMap":{"0":{"loc":{"start":{"line":10,"column":2},"end":{"line":12,"column":3}},"type":"if","locations":[{"start":{"line":10,"column":2},"end":{"line":12,"column":3}},{"start":{},"end":{}}],"line":10},"1":{"loc":{"start":{"line":14,"column":2},"end":{"line":16,"column":3}},"type":"if","locations":[{"start":{"line":14,"column":2},"end":{"line":16,"column":3}},{"start":{},"end":{}}],"line":14},"2":{"loc":{"start":{"line":17,"column":2},"end":{"line":19,"column":3}},"type":"if","locations":[{"start":{"line":17,"column":2},"end":{"line":19,"column":3}},{"start":{},"end":{}}],"line":17},"3":{"loc":{"start":{"line":21,"column":2},"end":{"line":23,"column":3}},"type":"if","locations":[{"start":{"line":21,"column":2},"end":{"line":23,"column":3}},{"start":{},"end":{}}],"line":21},"4":{"loc":{"start":{"line":21,"column":6},"end":{"line":21,"column":48}},"type":"binary-expr","locations":[{"start":{"line":21,"column":6},"end":{"line":21,"column":10}},{"start":{"line":21,"column":14},"end":{"line":21,"column":16}},{"start":{"line":21,"column":20},"end":{"line":21,"column":48}}],"line":21}},"s":{"0":17,"1":306,"2":17,"3":762,"4":17,"5":256,"6":256,"7":236,"8":256,"9":12,"10":256,"11":12,"12":256,"13":132,"14":256,"15":256},"f":{"0":306,"1":762,"2":256},"b":{"0":[236,20],"1":[12,244],"2":[12,244],"3":[132,124],"4":[256,136,136]},"_coverageSchema":"1a1c01bbd47fc00a2c39e90264f33305004495a9","hash":"093f9d133f33c89796fac4b734f0230dfacd700e"}
,"/Users/pauloafonso/Desktop/trybe/refactoring_projects/Recipes-App/src/tests/mocks/drinks/index.js": {"path":"/Users/pauloafonso/Desktop/trybe/refactoring_projects/Recipes-App/src/tests/mocks/drinks/index.js","statementMap":{"0":{"start":{"line":9,"column":30},"end":{"line":11,"column":1}},"1":{"start":{"line":10,"column":14},"end":{"line":10,"column":32}},"2":{"start":{"line":13,"column":26},"end":{"line":15,"column":1}},"3":{"start":{"line":14,"column":14},"end":{"line":14,"column":28}},"4":{"start":{"line":17,"column":36},"end":{"line":19,"column":1}},"5":{"start":{"line":18,"column":14},"end":{"line":18,"column":38}},"6":{"start":{"line":21,"column":38},"end":{"line":23,"column":1}},"7":{"start":{"line":22,"column":14},"end":{"line":22,"column":40}},"8":{"start":{"line":25,"column":39},"end":{"line":27,"column":1}},"9":{"start":{"line":26,"column":14},"end":{"line":26,"column":41}},"10":{"start":{"line":29,"column":31},"end":{"line":31,"column":1}},"11":{"start":{"line":30,"column":14},"end":{"line":30,"column":33}},"12":{"start":{"line":33,"column":33},"end":{"line":35,"column":1}},"13":{"start":{"line":34,"column":15},"end":{"line":34,"column":53}},"14":{"start":{"line":37,"column":37},"end":{"line":39,"column":1}},"15":{"start":{"line":38,"column":14},"end":{"line":38,"column":39}}},"fnMap":{"0":{"name":"(anonymous_0)","decl":{"start":{"line":10,"column":8},"end":{"line":10,"column":9}},"loc":{"start":{"line":10,"column":14},"end":{"line":10,"column":32}},"line":10},"1":{"name":"(anonymous_1)","decl":{"start":{"line":14,"column":8},"end":{"line":14,"column":9}},"loc":{"start":{"line":14,"column":14},"end":{"line":14,"column":28}},"line":14},"2":{"name":"(anonymous_2)","decl":{"start":{"line":18,"column":8},"end":{"line":18,"column":9}},"loc":{"start":{"line":18,"column":14},"end":{"line":18,"column":38}},"line":18},"3":{"name":"(anonymous_3)","decl":{"start":{"line":22,"column":8},"end":{"line":22,"column":9}},"loc":{"start":{"line":22,"column":14},"end":{"line":22,"column":40}},"line":22},"4":{"name":"(anonymous_4)","decl":{"start":{"line":26,"column":8},"end":{"line":26,"column":9}},"loc":{"start":{"line":26,"column":14},"end":{"line":26,"column":41}},"line":26},"5":{"name":"(anonymous_5)","decl":{"start":{"line":30,"column":8},"end":{"line":30,"column":9}},"loc":{"start":{"line":30,"column":14},"end":{"line":30,"column":33}},"line":30},"6":{"name":"(anonymous_6)","decl":{"start":{"line":34,"column":8},"end":{"line":34,"column":9}},"loc":{"start":{"line":34,"column":15},"end":{"line":34,"column":53}},"line":34},"7":{"name":"(anonymous_7)","decl":{"start":{"line":38,"column":8},"end":{"line":38,"column":9}},"loc":{"start":{"line":38,"column":14},"end":{"line":38,"column":39}},"line":38}},"branchMap":{},"s":{"0":6,"1":15,"2":6,"3":29,"4":6,"5":1,"6":6,"7":1,"8":6,"9":1,"10":6,"11":1,"12":6,"13":40,"14":6,"15":10},"f":{"0":15,"1":29,"2":1,"3":1,"4":1,"5":1,"6":40,"7":10},"b":{},"_coverageSchema":"1a1c01bbd47fc00a2c39e90264f33305004495a9","hash":"be4b58ca257ba81dea6d460e8abbb1865ca8b2ad"}
,"/Users/pauloafonso/Desktop/trybe/refactoring_projects/Recipes-App/src/tests/mocks/foods/index.js": {"path":"/Users/pauloafonso/Desktop/trybe/refactoring_projects/Recipes-App/src/tests/mocks/foods/index.js","statementMap":{"0":{"start":{"line":9,"column":30},"end":{"line":11,"column":1}},"1":{"start":{"line":10,"column":14},"end":{"line":10,"column":32}},"2":{"start":{"line":13,"column":25},"end":{"line":15,"column":1}},"3":{"start":{"line":14,"column":14},"end":{"line":14,"column":27}},"4":{"start":{"line":17,"column":36},"end":{"line":19,"column":1}},"5":{"start":{"line":18,"column":14},"end":{"line":18,"column":38}},"6":{"start":{"line":21,"column":30},"end":{"line":23,"column":1}},"7":{"start":{"line":22,"column":14},"end":{"line":22,"column":33}},"8":{"start":{"line":25,"column":32},"end":{"line":27,"column":1}},"9":{"start":{"line":26,"column":15},"end":{"line":26,"column":50}},"10":{"start":{"line":29,"column":36},"end":{"line":31,"column":1}},"11":{"start":{"line":30,"column":14},"end":{"line":30,"column":38}},"12":{"start":{"line":33,"column":34},"end":{"line":35,"column":1}},"13":{"start":{"line":34,"column":14},"end":{"line":34,"column":36}},"14":{"start":{"line":37,"column":41},"end":{"line":39,"column":1}},"15":{"start":{"line":38,"column":14},"end":{"line":38,"column":43}}},"fnMap":{"0":{"name":"(anonymous_0)","decl":{"start":{"line":10,"column":8},"end":{"line":10,"column":9}},"loc":{"start":{"line":10,"column":14},"end":{"line":10,"column":32}},"line":10},"1":{"name":"(anonymous_1)","decl":{"start":{"line":14,"column":8},"end":{"line":14,"column":9}},"loc":{"start":{"line":14,"column":14},"end":{"line":14,"column":27}},"line":14},"2":{"name":"(anonymous_2)","decl":{"start":{"line":18,"column":8},"end":{"line":18,"column":9}},"loc":{"start":{"line":18,"column":14},"end":{"line":18,"column":38}},"line":18},"3":{"name":"(anonymous_3)","decl":{"start":{"line":22,"column":8},"end":{"line":22,"column":9}},"loc":{"start":{"line":22,"column":14},"end":{"line":22,"column":33}},"line":22},"4":{"name":"(anonymous_4)","decl":{"start":{"line":26,"column":8},"end":{"line":26,"column":9}},"loc":{"start":{"line":26,"column":15},"end":{"line":26,"column":50}},"line":26},"5":{"name":"(anonymous_5)","decl":{"start":{"line":30,"column":8},"end":{"line":30,"column":9}},"loc":{"start":{"line":30,"column":14},"end":{"line":30,"column":38}},"line":30},"6":{"name":"(anonymous_6)","decl":{"start":{"line":34,"column":8},"end":{"line":34,"column":9}},"loc":{"start":{"line":34,"column":14},"end":{"line":34,"column":36}},"line":34},"7":{"name":"(anonymous_7)","decl":{"start":{"line":38,"column":8},"end":{"line":38,"column":9}},"loc":{"start":{"line":38,"column":14},"end":{"line":38,"column":43}},"line":38}},"branchMap":{},"s":{"0":7,"1":12,"2":7,"3":39,"4":7,"5":1,"6":7,"7":1,"8":7,"9":40,"10":7,"11":10,"12":7,"13":12,"14":7,"15":1},"f":{"0":12,"1":39,"2":1,"3":1,"4":40,"5":10,"6":12,"7":1},"b":{},"_coverageSchema":"1a1c01bbd47fc00a2c39e90264f33305004495a9","hash":"7fce653ac1699d7e7bb76ab9971a8ef45f86c272"}
,"/Users/pauloafonso/Desktop/trybe/refactoring_projects/Recipes-App/src/tests/utils/getInProgressMock.js": {"path":"/Users/pauloafonso/Desktop/trybe/refactoring_projects/Recipes-App/src/tests/utils/getInProgressMock.js","statementMap":{"0":{"start":{"line":1,"column":26},"end":{"line":20,"column":1}},"1":{"start":{"line":2,"column":2},"end":{"line":2,"column":36}},"2":{"start":{"line":2,"column":24},"end":{"line":2,"column":36}},"3":{"start":{"line":5,"column":2},"end":{"line":17,"column":3}},"4":{"start":{"line":7,"column":4},"end":{"line":7,"column":24}},"5":{"start":{"line":8,"column":4},"end":{"line":8,"column":10}},"6":{"start":{"line":10,"column":4},"end":{"line":10,"column":36}},"7":{"start":{"line":11,"column":4},"end":{"line":11,"column":10}},"8":{"start":{"line":13,"column":4},"end":{"line":13,"column":46}},"9":{"start":{"line":14,"column":4},"end":{"line":14,"column":10}},"10":{"start":{"line":16,"column":4},"end":{"line":16,"column":10}},"11":{"start":{"line":19,"column":2},"end":{"line":19,"column":40}},"12":{"start":{"line":22,"column":0},"end":{"line":22,"column":35}}},"fnMap":{"0":{"name":"(anonymous_0)","decl":{"start":{"line":1,"column":26},"end":{"line":1,"column":27}},"loc":{"start":{"line":1,"column":50},"end":{"line":20,"column":1}},"line":1}},"branchMap":{"0":{"loc":{"start":{"line":2,"column":2},"end":{"line":2,"column":36}},"type":"if","locations":[{"start":{"line":2,"column":2},"end":{"line":2,"column":36}},{"start":{},"end":{}}],"line":2},"1":{"loc":{"start":{"line":5,"column":2},"end":{"line":17,"column":3}},"type":"switch","locations":[{"start":{"line":6,"column":2},"end":{"line":8,"column":10}},{"start":{"line":9,"column":2},"end":{"line":11,"column":10}},{"start":{"line":12,"column":2},"end":{"line":14,"column":10}},{"start":{"line":15,"column":2},"end":{"line":16,"column":10}}],"line":5}},"s":{"0":2,"1":6,"2":0,"3":6,"4":2,"5":2,"6":2,"7":2,"8":2,"9":2,"10":0,"11":6,"12":2},"f":{"0":6},"b":{"0":[0,6],"1":[2,2,2,0]},"_coverageSchema":"1a1c01bbd47fc00a2c39e90264f33305004495a9","hash":"540829057e5a31d02240003220a165294ecdb098"}
,"/Users/pauloafonso/Desktop/trybe/refactoring_projects/Recipes-App/src/tests/utils/getIngredients.js": {"path":"/Users/pauloafonso/Desktop/trybe/refactoring_projects/Recipes-App/src/tests/utils/getIngredients.js","statementMap":{"0":{"start":{"line":1,"column":23},"end":{"line":12,"column":1}},"1":{"start":{"line":2,"column":25},"end":{"line":3,"column":60}},"2":{"start":{"line":3,"column":21},"end":{"line":3,"column":59}},"3":{"start":{"line":5,"column":30},"end":{"line":6,"column":66}},"4":{"start":{"line":6,"column":22},"end":{"line":6,"column":64}},"5":{"start":{"line":8,"column":22},"end":{"line":9,"column":51}},"6":{"start":{"line":9,"column":19},"end":{"line":9,"column":49}},"7":{"start":{"line":11,"column":2},"end":{"line":11,"column":21}}},"fnMap":{"0":{"name":"(anonymous_0)","decl":{"start":{"line":1,"column":23},"end":{"line":1,"column":24}},"loc":{"start":{"line":1,"column":35},"end":{"line":12,"column":1}},"line":1},"1":{"name":"(anonymous_1)","decl":{"start":{"line":3,"column":12},"end":{"line":3,"column":13}},"loc":{"start":{"line":3,"column":21},"end":{"line":3,"column":59}},"line":3},"2":{"name":"(anonymous_2)","decl":{"start":{"line":6,"column":12},"end":{"line":6,"column":13}},"loc":{"start":{"line":6,"column":22},"end":{"line":6,"column":64}},"line":6},"3":{"name":"(anonymous_3)","decl":{"start":{"line":9,"column":9},"end":{"line":9,"column":10}},"loc":{"start":{"line":9,"column":19},"end":{"line":9,"column":49}},"line":9}},"branchMap":{"0":{"loc":{"start":{"line":6,"column":22},"end":{"line":6,"column":64}},"type":"binary-expr","locations":[{"start":{"line":6,"column":22},"end":{"line":6,"column":40}},{"start":{"line":6,"column":44},"end":{"line":6,"column":64}}],"line":6}},"s":{"0":2,"1":2,"2":104,"3":2,"4":35,"5":2,"6":16,"7":2},"f":{"0":2,"1":104,"2":35,"3":16},"b":{"0":[35,28]},"_coverageSchema":"1a1c01bbd47fc00a2c39e90264f33305004495a9","hash":"bf2e68ff6d9634bddfb1c292f13e88037e2e3494"}
,"/Users/pauloafonso/Desktop/trybe/refactoring_projects/Recipes-App/src/tests/utils/renderWithRouter.js": {"path":"/Users/pauloafonso/Desktop/trybe/refactoring_projects/Recipes-App/src/tests/utils/renderWithRouter.js","statementMap":{"0":{"start":{"line":7,"column":25},"end":{"line":17,"column":1}},"1":{"start":{"line":8,"column":18},"end":{"line":8,"column":65}},"2":{"start":{"line":9,"column":2},"end":{"line":16,"column":5}}},"fnMap":{"0":{"name":"(anonymous_0)","decl":{"start":{"line":7,"column":25},"end":{"line":7,"column":26}},"loc":{"start":{"line":7,"column":52},"end":{"line":17,"column":1}},"line":7}},"branchMap":{"0":{"loc":{"start":{"line":7,"column":37},"end":{"line":7,"column":47}},"type":"default-arg","locations":[{"start":{"line":7,"column":44},"end":{"line":7,"column":47}}],"line":7}},"s":{"0":17,"1":163,"2":163},"f":{"0":163},"b":{"0":[103]},"_coverageSchema":"1a1c01bbd47fc00a2c39e90264f33305004495a9","hash":"ac69f55192bb49013588e405a0ed02f2cef4f007"}
}
