TN:
SF:src/App.js
FN:23,App
FNF:1
FNH:0
FNDA:0,App
DA:24,0
LF:1
LH:0
BRF:0
BRH:0
end_of_record
TN:
SF:src/components/DoneAndFavoriteCard/index.js
FN:9,DoneAndFavoriteCard
FN:15,(anonymous_1)
FN:19,(anonymous_2)
FN:23,(anonymous_3)
FN:25,(anonymous_4)
FN:52,(anonymous_5)
FNF:6
FNH:3
FNDA:51,DoneAndFavoriteCard
FNDA:2,(anonymous_1)
FNDA:0,(anonymous_2)
FNDA:0,(anonymous_3)
FNDA:0,(anonymous_4)
FNDA:11,(anonymous_5)
DA:12,51
DA:13,51
DA:14,51
DA:15,51
DA:16,2
DA:17,2
DA:18,2
DA:19,2
DA:20,0
DA:23,51
DA:24,0
DA:25,0
DA:26,0
DA:27,0
DA:30,51
DA:53,11
DA:90,2
DA:100,2
LF:18
LH:13
BRDA:16,0,0,0
BRDA:16,0,1,2
BRDA:32,1,0,26
BRDA:32,1,1,25
BRDA:41,2,0,26
BRDA:41,2,1,25
BRDA:47,3,0,25
BRDA:47,3,1,26
BRDA:51,4,0,51
BRDA:51,4,1,22
BRDA:51,4,2,11
BRDA:59,5,0,51
BRDA:59,5,1,22
BRDA:67,6,0,51
BRDA:67,6,1,29
BRDA:83,7,0,51
BRDA:83,7,1,2
BRF:17
BRH:16
end_of_record
TN:
SF:src/components/FavoriteButton/index.js
FN:6,FavoriteButton
FNF:1
FNH:1
FNDA:122,FavoriteButton
DA:11,122
DA:33,4
LF:2
LH:2
BRDA:17,0,0,4
BRDA:17,0,1,118
BRF:2
BRH:2
end_of_record
TN:
SF:src/components/Footer/index.js
FN:8,Footer
FN:18,(anonymous_1)
FN:30,(anonymous_2)
FN:42,(anonymous_3)
FNF:4
FNH:4
FNDA:171,Footer
FNDA:9,(anonymous_1)
FNDA:9,(anonymous_2)
FNDA:9,(anonymous_3)
DA:11,171
DA:13,171
DA:18,9
DA:30,9
DA:42,9
LF:5
LH:5
BRF:0
BRH:0
end_of_record
TN:
SF:src/components/Header/index.js
FN:9,Header
FN:12,(anonymous_1)
FNF:2
FNH:2
FNDA:228,Header
FNDA:5,(anonymous_1)
DA:10,228
DA:12,228
DA:13,5
DA:14,0
DA:16,5
DA:20,228
DA:58,11
DA:63,11
LF:8
LH:7
BRDA:13,0,0,0
BRDA:13,0,1,5
BRDA:35,1,0,118
BRDA:35,1,1,110
BRDA:44,2,0,110
BRDA:44,2,1,118
BRDA:50,3,0,228
BRDA:50,3,1,9
BRF:8
BRH:7
end_of_record
TN:
SF:src/components/IngredientCard/index.js
FN:5,IngredientCard
FN:10,(anonymous_1)
FNF:2
FNH:2
FNDA:81,IngredientCard
FNDA:2,(anonymous_1)
DA:6,81
DA:10,2
DA:26,2
LF:3
LH:3
BRF:0
BRH:0
end_of_record
TN:
SF:src/components/IngredientCheckbox/index.js
FN:5,IngredientCheckbox
FN:28,(anonymous_1)
FNF:2
FNH:2
FNDA:676,IngredientCheckbox
FNDA:42,(anonymous_1)
DA:12,676
DA:14,676
DA:28,42
DA:36,2
LF:4
LH:4
BRDA:18,0,0,204
BRDA:18,0,1,472
BRF:2
BRH:2
end_of_record
TN:
SF:src/components/RecipeCard/index.js
FN:6,RecipeCard
FNF:1
FNH:1
FNDA:121,RecipeCard
DA:7,121
DA:8,121
DA:9,121
DA:11,121
DA:29,3
LF:5
LH:5
BRDA:13,0,0,53
BRDA:13,0,1,68
BRF:2
BRH:2
end_of_record
TN:
SF:src/components/SearchBar/index.js
FN:8,SearchBar
FN:14,(anonymous_1)
FN:34,(anonymous_2)
FN:50,(anonymous_3)
FN:66,(anonymous_4)
FN:80,(anonymous_5)
FNF:6
FNH:5
FNDA:17,SearchBar
FNDA:2,(anonymous_1)
FNDA:1,(anonymous_2)
FNDA:0,(anonymous_3)
FNDA:1,(anonymous_4)
FNDA:6,(anonymous_5)
DA:6,11
DA:9,17
DA:10,17
DA:12,17
DA:14,17
DA:15,2
DA:16,0
DA:18,2
DA:22,17
DA:34,1
DA:50,0
DA:66,1
DA:80,6
LF:13
LH:11
BRDA:15,0,0,0
BRDA:15,0,1,2
BRDA:15,1,0,2
BRDA:15,1,1,1
BRF:4
BRH:3
end_of_record
TN:
SF:src/components/ShareButton/index.js
FN:5,ShareButton
FNF:1
FNH:1
FNDA:122,ShareButton
DA:6,122
DA:16,4
LF:2
LH:2
BRF:0
BRH:0
end_of_record
TN:
SF:src/context/MyProvider.js
FN:6,MyProvider
FN:12,(anonymous_1)
FNF:2
FNH:2
FNDA:196,MyProvider
FNDA:192,(anonymous_1)
DA:7,196
DA:8,196
DA:9,196
DA:10,196
DA:12,196
DA:13,192
DA:14,192
DA:15,28
DA:19,196
DA:30,196
DA:37,17
LF:11
LH:11
BRDA:14,0,0,28
BRDA:14,0,1,164
BRDA:14,1,0,192
BRDA:14,1,1,57
BRF:4
BRH:4
end_of_record
TN:
SF:src/context/myContext.js
FNF:0
FNH:0
DA:3,17
LF:1
LH:1
BRF:0
BRH:0
end_of_record
TN:
SF:src/pages/DoneRecipes/index.js
FN:6,DoneRecipes
FN:10,(anonymous_1)
FN:11,(anonymous_2)
FN:22,(anonymous_3)
FN:28,(anonymous_4)
FN:66,(anonymous_5)
FNF:6
FNH:6
FNDA:20,DoneRecipes
FNDA:8,(anonymous_1)
FNDA:8,(anonymous_2)
FNDA:4,(anonymous_3)
FNDA:6,(anonymous_4)
FNDA:21,(anonymous_5)
DA:7,20
DA:8,20
DA:10,20
DA:11,8
DA:12,8
DA:13,8
DA:14,8
DA:15,8
DA:16,8
DA:19,8
DA:22,20
DA:23,4
DA:24,4
DA:25,1
DA:27,3
DA:28,6
DA:29,3
DA:32,20
DA:67,21
LF:19
LH:19
BRDA:13,0,0,8
BRDA:13,0,1,0
BRDA:24,1,0,1
BRDA:24,1,1,3
BRDA:65,2,0,20
BRDA:65,2,1,12
BRF:6
BRH:5
end_of_record
TN:
SF:src/pages/DrinkRecipeDetails/index.js
FN:17,DrinkRecipeDetails
FN:30,(anonymous_1)
FN:33,(anonymous_2)
FN:34,(anonymous_3)
FN:40,(anonymous_4)
FN:45,(anonymous_5)
FN:48,(anonymous_6)
FN:55,(anonymous_7)
FN:56,fetchById
FN:63,(anonymous_9)
FN:64,fetchCategories
FN:71,(anonymous_11)
FN:78,(anonymous_12)
FN:93,(anonymous_13)
FN:102,(anonymous_14)
FN:138,(anonymous_15)
FN:158,(anonymous_16)
FN:159,(anonymous_17)
FN:181,(anonymous_18)
FN:187,(anonymous_19)
FN:193,(anonymous_20)
FN:199,(anonymous_21)
FN:205,(anonymous_22)
FNF:23
FNH:17
FNDA:58,DrinkRecipeDetails
FNDA:0,(anonymous_1)
FNDA:28,(anonymous_2)
FNDA:420,(anonymous_3)
FNDA:420,(anonymous_4)
FNDA:14,(anonymous_5)
FNDA:0,(anonymous_6)
FNDA:14,(anonymous_7)
FNDA:14,fetchById
FNDA:14,(anonymous_9)
FNDA:14,fetchCategories
FNDA:1,(anonymous_11)
FNDA:1,(anonymous_12)
FNDA:0,(anonymous_13)
FNDA:30,(anonymous_14)
FNDA:258,(anonymous_15)
FNDA:45,(anonymous_16)
FNDA:45,(anonymous_17)
FNDA:58,(anonymous_18)
FNDA:0,(anonymous_19)
FNDA:1,(anonymous_20)
FNDA:0,(anonymous_21)
FNDA:0,(anonymous_22)
DA:10,1
DA:11,1
DA:12,1
DA:13,15
DA:15,1
DA:18,58
DA:19,58
DA:20,58
DA:21,58
DA:22,58
DA:23,58
DA:25,58
DA:26,58
DA:27,58
DA:29,58
DA:30,0
DA:33,58
DA:34,28
DA:35,420
DA:39,420
DA:40,420
DA:41,28
DA:45,58
DA:46,14
DA:47,14
DA:48,1
DA:49,1
DA:50,0
DA:55,58
DA:57,14
DA:58,14
DA:60,14
DA:63,58
DA:65,14
DA:66,14
DA:68,14
DA:71,58
DA:72,1
DA:73,1
DA:74,1
DA:75,1
DA:78,58
DA:79,1
DA:81,1
DA:92,1
DA:93,0
DA:95,1
DA:98,1
DA:99,1
DA:102,58
DA:109,30
DA:110,30
DA:139,258
DA:158,45
DA:160,45
DA:181,58
DA:182,58
DA:183,0
DA:186,58
DA:187,0
DA:188,54
DA:193,1
DA:199,4
DA:200,4
DA:205,0
DA:213,58
LF:66
LH:60
BRDA:26,0,0,58
BRDA:26,0,1,54
BRDA:27,1,0,58
BRDA:27,1,1,54
BRDA:47,2,0,1
BRDA:47,2,1,13
BRDA:49,3,0,0
BRDA:49,3,1,1
BRDA:92,4,0,0
BRDA:92,4,1,1
BRDA:131,5,0,30
BRDA:131,5,1,1
BRDA:157,6,0,30
BRDA:157,6,1,29
BRDA:182,7,0,0
BRDA:182,7,1,58
BRDA:186,8,0,54
BRDA:186,8,1,4
BRDA:186,9,0,58
BRDA:186,9,1,54
BRDA:199,10,0,4
BRDA:199,10,1,0
BRDA:215,11,0,58
BRDA:215,11,1,30
BRF:24
BRH:20
end_of_record
TN:
SF:src/pages/Drinks/index.js
FN:12,Drinks
FN:19,(anonymous_1)
FN:22,fetchCategories
FN:29,(anonymous_3)
FN:32,fetchRecipesByCategory
FN:41,(anonymous_5)
FN:58,fetchRecipes
FN:67,(anonymous_7)
FN:75,(anonymous_8)
FN:92,(anonymous_9)
FN:99,(anonymous_10)
FN:105,(anonymous_11)
FN:115,(anonymous_12)
FN:116,(anonymous_13)
FNF:14
FNH:13
FNDA:44,Drinks
FNDA:12,(anonymous_1)
FNDA:12,fetchCategories
FNDA:13,(anonymous_3)
FNDA:1,fetchRecipesByCategory
FNDA:14,(anonymous_5)
FNDA:14,fetchRecipes
FNDA:28,(anonymous_7)
FNDA:1,(anonymous_8)
FNDA:0,(anonymous_9)
FNDA:160,(anonymous_10)
FNDA:1,(anonymous_11)
FNDA:59,(anonymous_12)
FNDA:59,(anonymous_13)
DA:9,1
DA:10,1
DA:13,44
DA:14,44
DA:15,44
DA:17,44
DA:19,44
DA:20,12
DA:23,12
DA:24,12
DA:26,12
DA:29,44
DA:30,13
DA:33,1
DA:34,1
DA:36,13
DA:37,1
DA:41,44
DA:42,14
DA:43,14
DA:44,14
DA:46,12
DA:47,12
DA:49,1
DA:50,1
DA:52,1
DA:53,1
DA:55,0
DA:59,14
DA:60,14
DA:62,14
DA:65,44
DA:67,44
DA:68,28
DA:69,1
DA:70,27
DA:71,0
DA:75,44
DA:76,1
DA:77,0
DA:78,0
DA:80,1
DA:84,44
DA:92,0
DA:100,160
DA:105,1
DA:115,59
DA:117,59
LF:48
LH:43
BRDA:36,0,0,1
BRDA:36,0,1,12
BRDA:44,1,0,12
BRDA:44,1,1,1
BRDA:44,1,2,1
BRDA:44,1,3,0
BRDA:68,2,0,1
BRDA:68,2,1,27
BRDA:70,3,0,0
BRDA:70,3,1,27
BRDA:70,4,0,27
BRDA:70,4,1,0
BRDA:76,5,0,0
BRDA:76,5,1,1
BRDA:97,6,0,44
BRDA:97,6,1,44
BRDA:114,7,0,44
BRDA:114,7,1,43
BRF:18
BRH:14
end_of_record
TN:
SF:src/pages/DrinksInProgress/index.js
FN:18,DrinksInProgress
FN:29,(anonymous_1)
FN:31,(anonymous_2)
FN:37,(anonymous_3)
FN:44,(anonymous_4)
FN:45,fetchById
FN:52,(anonymous_6)
FN:55,(anonymous_7)
FN:62,(anonymous_8)
FN:70,(anonymous_9)
FN:89,(anonymous_10)
FN:99,(anonymous_11)
FN:119,(anonymous_12)
FN:143,(anonymous_13)
FN:172,(anonymous_14)
FNF:15
FNH:12
FNDA:58,DrinksInProgress
FNDA:32,(anonymous_1)
FNDA:320,(anonymous_2)
FNDA:320,(anonymous_3)
FNDA:16,(anonymous_4)
FNDA:16,fetchById
FNDA:16,(anonymous_6)
FNDA:0,(anonymous_7)
FNDA:0,(anonymous_8)
FNDA:1,(anonymous_9)
FNDA:0,(anonymous_10)
FNDA:11,(anonymous_11)
FNDA:1,(anonymous_12)
FNDA:26,(anonymous_13)
FNDA:78,(anonymous_14)
DA:12,1
DA:13,1
DA:14,1
DA:15,20
DA:19,58
DA:20,58
DA:21,58
DA:22,58
DA:23,58
DA:24,58
DA:26,58
DA:27,58
DA:29,58
DA:30,32
DA:31,16
DA:32,320
DA:36,320
DA:38,320
DA:40,16
DA:44,58
DA:46,16
DA:47,16
DA:49,16
DA:52,58
DA:53,16
DA:54,16
DA:55,0
DA:56,0
DA:57,0
DA:62,58
DA:63,0
DA:64,0
DA:65,0
DA:66,0
DA:67,0
DA:70,58
DA:71,1
DA:72,1
DA:73,1
DA:75,1
DA:85,1
DA:86,1
DA:87,0
DA:88,0
DA:89,0
DA:90,0
DA:92,0
DA:99,58
DA:100,11
DA:103,11
DA:104,11
DA:105,11
DA:106,11
DA:114,11
DA:115,11
DA:119,58
DA:120,1
DA:121,1
DA:132,1
DA:133,1
DA:134,1
DA:136,0
DA:140,1
DA:143,58
DA:144,26
DA:145,26
DA:173,78
DA:199,58
LF:68
LH:54
BRDA:30,0,0,16
BRDA:30,0,1,16
BRDA:38,1,0,320
BRDA:38,1,1,320
BRDA:38,1,2,128
BRDA:54,2,0,0
BRDA:54,2,1,16
BRDA:56,3,0,0
BRDA:56,3,1,0
BRDA:85,4,0,1
BRDA:85,4,1,0
BRDA:87,5,0,0
BRDA:87,5,1,0
BRDA:103,6,0,11
BRDA:103,6,1,0
BRDA:130,7,0,0
BRDA:130,7,1,1
BRDA:133,8,0,1
BRDA:133,8,1,0
BRDA:166,9,0,26
BRDA:166,9,1,0
BRDA:177,10,0,78
BRDA:177,10,1,52
BRDA:201,11,0,58
BRDA:201,11,1,42
BRDA:201,11,2,26
BRF:26
BRH:16
end_of_record
TN:
SF:src/pages/ExDrinksIngredients/index.js
FN:11,ExDrinksIngredients
FN:15,(anonymous_1)
FN:16,fetchDrinkApi
FN:23,(anonymous_3)
FN:35,(anonymous_4)
FN:36,(anonymous_5)
FNF:6
FNH:6
FNDA:17,ExDrinksIngredients
FNDA:8,(anonymous_1)
FNDA:8,fetchDrinkApi
FNDA:1,(anonymous_3)
FNDA:45,(anonymous_4)
FNDA:45,(anonymous_5)
DA:9,1
DA:12,17
DA:13,17
DA:14,17
DA:15,17
DA:17,8
DA:18,8
DA:20,8
DA:23,17
DA:24,1
DA:25,1
DA:27,17
DA:35,45
DA:37,45
LF:14
LH:14
BRDA:34,0,0,17
BRDA:34,0,1,9
BRF:2
BRH:2
end_of_record
TN:
SF:src/pages/ExFoodsIngredients/index.js
FN:11,ExFoodsIngredients
FN:15,(anonymous_1)
FN:16,fetchDrinkApi
FN:23,(anonymous_3)
FN:35,(anonymous_4)
FN:36,(anonymous_5)
FNF:6
FNH:6
FNDA:17,ExFoodsIngredients
FNDA:8,(anonymous_1)
FNDA:8,fetchDrinkApi
FNDA:1,(anonymous_3)
FNDA:36,(anonymous_4)
FNDA:36,(anonymous_5)
DA:9,1
DA:12,17
DA:13,17
DA:14,17
DA:15,17
DA:17,8
DA:18,8
DA:20,8
DA:23,17
DA:24,1
DA:25,1
DA:27,17
DA:35,36
DA:37,36
LF:14
LH:14
BRDA:34,0,0,17
BRDA:34,0,1,9
BRF:2
BRH:2
end_of_record
TN:
SF:src/pages/ExFoodsNationalities/index.js
FN:7,ExFoodsNationalities
FN:14,(anonymous_1)
FN:15,fetchNationalities
FN:24,(anonymous_3)
FN:25,fetchFoods
FN:34,fetchNationalitiesCards
FN:40,(anonymous_6)
FN:59,(anonymous_7)
FN:73,(anonymous_8)
FN:74,(anonymous_9)
FNF:10
FNH:10
FNDA:31,ExFoodsNationalities
FNDA:10,(anonymous_1)
FNDA:10,fetchNationalities
FNDA:10,(anonymous_3)
FNDA:10,fetchFoods
FNDA:1,fetchNationalitiesCards
FNDA:1,(anonymous_6)
FNDA:147,(anonymous_7)
FNDA:35,(anonymous_8)
FNDA:35,(anonymous_9)
DA:8,31
DA:9,31
DA:11,31
DA:14,31
DA:16,10
DA:17,10
DA:18,10
DA:20,10
DA:24,31
DA:26,10
DA:27,10
DA:28,10
DA:30,10
DA:35,1
DA:36,1
DA:37,1
DA:40,31
DA:41,1
DA:42,0
DA:43,0
DA:45,1
DA:49,31
DA:60,147
DA:73,35
DA:75,35
LF:25
LH:23
BRDA:41,0,0,0
BRDA:41,0,1,1
BRDA:58,1,0,31
BRDA:58,1,1,21
BRDA:72,2,0,31
BRDA:72,2,1,31
BRF:6
BRH:5
end_of_record
TN:
SF:src/pages/Explore/index.js
FN:7,Explore
FN:21,(anonymous_1)
FN:29,(anonymous_2)
FNF:3
FNH:3
FNDA:7,Explore
FNDA:1,(anonymous_1)
FNDA:1,(anonymous_2)
DA:8,7
DA:10,7
DA:21,1
DA:29,1
LF:4
LH:4
BRF:0
BRH:0
end_of_record
TN:
SF:src/pages/ExploreDrinks/index.js
FN:7,ExploreDrinks
FN:10,(anonymous_1)
FN:15,(anonymous_2)
FN:29,(anonymous_3)
FNF:4
FNH:4
FNDA:7,ExploreDrinks
FNDA:1,(anonymous_1)
FNDA:1,(anonymous_2)
FNDA:1,(anonymous_3)
DA:8,7
DA:10,7
DA:11,1
DA:12,1
DA:13,1
DA:14,1
DA:15,1
DA:18,7
DA:29,1
LF:9
LH:9
BRF:0
BRH:0
end_of_record
TN:
SF:src/pages/ExploreFoods/index.js
FN:7,ExploreFoods
FN:10,(anonymous_1)
FN:15,(anonymous_2)
FN:29,(anonymous_3)
FN:37,(anonymous_4)
FNF:5
FNH:5
FNDA:8,ExploreFoods
FNDA:1,(anonymous_1)
FNDA:1,(anonymous_2)
FNDA:1,(anonymous_3)
FNDA:1,(anonymous_4)
DA:8,8
DA:10,8
DA:11,1
DA:12,1
DA:13,1
DA:14,1
DA:15,1
DA:18,8
DA:29,1
DA:37,1
LF:10
LH:10
BRF:0
BRH:0
end_of_record
TN:
SF:src/pages/FavoriteRecipes/index.js
FN:6,FavoriteRecipes
FN:12,(anonymous_1)
FN:13,(anonymous_2)
FN:23,(anonymous_3)
FN:28,(anonymous_4)
FN:33,(anonymous_5)
FN:74,(anonymous_6)
FNF:7
FNH:7
FNDA:32,FavoriteRecipes
FNDA:8,(anonymous_1)
FNDA:8,(anonymous_2)
FNDA:20,(anonymous_3)
FNDA:6,(anonymous_4)
FNDA:4,(anonymous_5)
FNDA:28,(anonymous_6)
DA:7,32
DA:8,32
DA:9,32
DA:12,32
DA:13,8
DA:14,8
DA:15,8
DA:16,8
DA:17,8
DA:20,8
DA:23,32
DA:24,20
DA:25,17
DA:27,3
DA:28,6
DA:29,3
DA:33,32
DA:34,4
DA:35,4
DA:36,4
DA:40,32
DA:75,28
LF:22
LH:22
BRDA:15,0,0,8
BRDA:15,0,1,0
BRDA:24,1,0,17
BRDA:24,1,1,3
BRDA:35,2,0,4
BRDA:35,2,1,0
BRF:6
BRH:4
end_of_record
TN:
SF:src/pages/Foods/index.js
FN:13,Foods
FN:20,(anonymous_1)
FN:23,fetchCategories
FN:30,(anonymous_3)
FN:33,fetchRecipesByCategory
FN:42,(anonymous_5)
FN:58,fetchRecipes
FN:67,(anonymous_7)
FN:75,(anonymous_8)
FN:92,(anonymous_9)
FN:99,(anonymous_10)
FN:105,(anonymous_11)
FN:115,(anonymous_12)
FN:116,(anonymous_13)
FNF:14
FNH:13
FNDA:32,Foods
FNDA:10,(anonymous_1)
FNDA:10,fetchCategories
FNDA:11,(anonymous_3)
FNDA:1,fetchRecipesByCategory
FNDA:10,(anonymous_5)
FNDA:10,fetchRecipes
FNDA:22,(anonymous_7)
FNDA:1,(anonymous_8)
FNDA:0,(anonymous_9)
FNDA:110,(anonymous_10)
FNDA:1,(anonymous_11)
FNDA:33,(anonymous_12)
FNDA:33,(anonymous_13)
DA:10,1
DA:11,1
DA:14,32
DA:15,32
DA:16,32
DA:18,32
DA:20,32
DA:21,10
DA:24,10
DA:25,10
DA:27,10
DA:30,32
DA:31,11
DA:34,1
DA:35,1
DA:37,11
DA:38,1
DA:42,32
DA:43,10
DA:44,10
DA:46,10
DA:47,10
DA:49,0
DA:50,0
DA:52,0
DA:53,0
DA:55,0
DA:59,10
DA:60,10
DA:62,10
DA:65,32
DA:67,32
DA:68,22
DA:69,1
DA:70,21
DA:71,0
DA:75,32
DA:76,1
DA:77,0
DA:78,0
DA:80,1
DA:84,32
DA:92,0
DA:100,110
DA:105,1
DA:115,33
DA:117,33
LF:47
LH:38
BRDA:37,0,0,1
BRDA:37,0,1,10
BRDA:44,1,0,10
BRDA:44,1,1,0
BRDA:44,1,2,0
BRDA:44,1,3,0
BRDA:68,2,0,1
BRDA:68,2,1,21
BRDA:70,3,0,0
BRDA:70,3,1,21
BRDA:70,4,0,21
BRDA:70,4,1,0
BRDA:76,5,0,0
BRDA:76,5,1,1
BRDA:97,6,0,32
BRDA:97,6,1,32
BRDA:114,7,0,32
BRDA:114,7,1,31
BRF:18
BRH:12
end_of_record
TN:
SF:src/pages/FoodsInProgress/index.js
FN:19,FoodsInProgress
FN:30,(anonymous_1)
FN:32,(anonymous_2)
FN:38,(anonymous_3)
FN:43,(anonymous_4)
FN:44,fetchById
FN:51,(anonymous_6)
FN:54,(anonymous_7)
FN:61,(anonymous_8)
FN:69,(anonymous_9)
FN:88,(anonymous_10)
FN:98,(anonymous_11)
FN:118,(anonymous_12)
FN:142,(anonymous_13)
FN:171,(anonymous_14)
FNF:15
FNH:12
FNDA:78,FoodsInProgress
FNDA:32,(anonymous_1)
FNDA:320,(anonymous_2)
FNDA:320,(anonymous_3)
FNDA:16,(anonymous_4)
FNDA:16,fetchById
FNDA:16,(anonymous_6)
FNDA:0,(anonymous_7)
FNDA:0,(anonymous_8)
FNDA:1,(anonymous_9)
FNDA:0,(anonymous_10)
FNDA:31,(anonymous_11)
FNDA:1,(anonymous_12)
FNDA:46,(anonymous_13)
FNDA:598,(anonymous_14)
DA:13,1
DA:14,1
DA:15,1
DA:16,20
DA:20,78
DA:21,78
DA:22,78
DA:23,78
DA:24,78
DA:25,78
DA:27,78
DA:28,78
DA:30,78
DA:31,32
DA:32,16
DA:33,320
DA:37,320
DA:38,320
DA:39,16
DA:43,78
DA:45,16
DA:46,16
DA:48,16
DA:51,78
DA:52,16
DA:53,16
DA:54,0
DA:55,0
DA:56,0
DA:61,78
DA:62,0
DA:63,0
DA:64,0
DA:65,0
DA:66,0
DA:69,78
DA:70,1
DA:71,1
DA:72,1
DA:74,1
DA:84,1
DA:85,1
DA:86,0
DA:87,0
DA:88,0
DA:89,0
DA:91,0
DA:98,78
DA:99,31
DA:102,31
DA:103,31
DA:104,31
DA:105,31
DA:113,31
DA:114,31
DA:118,78
DA:119,1
DA:120,1
DA:131,1
DA:132,1
DA:133,1
DA:135,0
DA:139,1
DA:142,78
DA:143,46
DA:144,46
DA:172,598
DA:199,78
LF:68
LH:54
BRDA:31,0,0,16
BRDA:31,0,1,16
BRDA:38,1,0,320
BRDA:38,1,1,208
BRDA:53,2,0,0
BRDA:53,2,1,16
BRDA:55,3,0,0
BRDA:55,3,1,0
BRDA:84,4,0,1
BRDA:84,4,1,0
BRDA:86,5,0,0
BRDA:86,5,1,0
BRDA:102,6,0,31
BRDA:102,6,1,0
BRDA:129,7,0,1
BRDA:129,7,1,0
BRDA:132,8,0,1
BRDA:132,8,1,0
BRDA:165,9,0,46
BRDA:165,9,1,0
BRDA:176,10,0,598
BRDA:176,10,1,0
BRDA:200,11,0,78
BRDA:200,11,1,62
BRDA:200,11,2,46
BRF:25
BRH:14
end_of_record
TN:
SF:src/pages/Login/index.js
FN:9,Login
FN:16,(anonymous_1)
FN:25,(anonymous_2)
FN:28,(anonymous_3)
FNF:4
FNH:4
FNDA:72,Login
FNDA:65,(anonymous_1)
FNDA:72,(anonymous_2)
FNDA:1,(anonymous_3)
DA:7,1
DA:10,72
DA:11,72
DA:13,72
DA:14,72
DA:16,72
DA:17,65
DA:18,46
DA:20,65
DA:21,19
DA:25,72
DA:28,72
DA:29,1
DA:30,1
DA:31,1
DA:32,1
DA:33,1
DA:34,1
DA:35,1
DA:38,72
LF:20
LH:20
BRDA:17,0,0,46
BRDA:17,0,1,19
BRDA:20,1,0,19
BRDA:20,1,1,46
BRDA:25,2,0,72
BRDA:25,2,1,19
BRF:6
BRH:6
end_of_record
TN:
SF:src/pages/MealRecipeDetails/index.js
FN:19,MealRecipeDetails
FN:32,(anonymous_1)
FN:35,(anonymous_2)
FN:36,(anonymous_3)
FN:42,(anonymous_4)
FN:47,(anonymous_5)
FN:50,(anonymous_6)
FN:57,(anonymous_7)
FN:58,fetchCategories
FN:65,(anonymous_9)
FN:66,fetchById
FN:73,(anonymous_11)
FN:80,(anonymous_12)
FN:95,(anonymous_13)
FN:104,(anonymous_14)
FN:137,(anonymous_15)
FN:167,(anonymous_16)
FN:168,(anonymous_17)
FN:190,(anonymous_18)
FN:192,(anonymous_19)
FN:198,(anonymous_20)
FN:204,(anonymous_21)
FN:210,(anonymous_22)
FNF:23
FNH:17
FNDA:62,MealRecipeDetails
FNDA:0,(anonymous_1)
FNDA:28,(anonymous_2)
FNDA:560,(anonymous_3)
FNDA:560,(anonymous_4)
FNDA:14,(anonymous_5)
FNDA:0,(anonymous_6)
FNDA:14,(anonymous_7)
FNDA:14,fetchCategories
FNDA:14,(anonymous_9)
FNDA:14,fetchById
FNDA:1,(anonymous_11)
FNDA:1,(anonymous_12)
FNDA:0,(anonymous_13)
FNDA:20,(anonymous_14)
FNDA:358,(anonymous_15)
FNDA:57,(anonymous_16)
FNDA:57,(anonymous_17)
FNDA:62,(anonymous_18)
FNDA:0,(anonymous_19)
FNDA:1,(anonymous_20)
FNDA:0,(anonymous_21)
FNDA:0,(anonymous_22)
DA:11,1
DA:12,1
DA:13,1
DA:14,20
DA:17,1
DA:20,62
DA:21,62
DA:22,62
DA:23,62
DA:24,62
DA:25,62
DA:27,62
DA:28,62
DA:29,62
DA:31,62
DA:32,0
DA:35,62
DA:36,28
DA:37,560
DA:41,560
DA:42,560
DA:43,28
DA:47,62
DA:48,14
DA:49,14
DA:50,1
DA:51,1
DA:52,0
DA:57,62
DA:59,14
DA:60,14
DA:62,14
DA:65,62
DA:67,14
DA:68,14
DA:70,14
DA:73,62
DA:74,1
DA:75,1
DA:76,1
DA:77,1
DA:80,62
DA:81,1
DA:83,1
DA:94,1
DA:95,0
DA:97,1
DA:100,1
DA:101,1
DA:104,62
DA:105,20
DA:106,20
DA:107,20
DA:108,20
DA:138,358
DA:167,57
DA:169,57
DA:190,62
DA:191,62
DA:192,0
DA:193,58
DA:198,1
DA:204,4
DA:205,4
DA:210,0
DA:218,62
LF:66
LH:61
BRDA:28,0,0,62
BRDA:28,0,1,58
BRDA:29,1,0,62
BRDA:29,1,1,58
BRDA:42,2,0,560
BRDA:42,2,1,462
BRDA:49,3,0,1
BRDA:49,3,1,13
BRDA:51,4,0,0
BRDA:51,4,1,1
BRDA:94,5,0,0
BRDA:94,5,1,1
BRDA:130,6,0,20
BRDA:130,6,1,1
BRDA:166,7,0,20
BRDA:166,7,1,19
BRDA:191,8,0,58
BRDA:191,8,1,4
BRDA:191,9,0,62
BRDA:191,9,1,58
BRDA:204,10,0,4
BRDA:204,10,1,0
BRDA:220,11,0,62
BRDA:220,11,1,20
BRF:24
BRH:21
end_of_record
TN:
SF:src/pages/NotFound/index.js
FN:4,NotFound
FNF:1
FNH:1
FNDA:1,NotFound
DA:5,1
LF:1
LH:1
BRF:0
BRH:0
end_of_record
TN:
SF:src/pages/Profile/index.js
FN:8,Profile
FN:13,(anonymous_1)
FN:33,(anonymous_2)
FN:41,(anonymous_3)
FN:49,(anonymous_4)
FNF:5
FNH:5
FNDA:10,Profile
FNDA:1,(anonymous_1)
FNDA:1,(anonymous_2)
FNDA:1,(anonymous_3)
FNDA:1,(anonymous_4)
DA:9,10
DA:10,10
DA:11,10
DA:13,10
DA:14,1
DA:15,1
DA:18,10
DA:33,1
DA:41,1
DA:49,1
LF:10
LH:10
BRDA:11,0,0,10
BRDA:11,0,1,0
BRF:2
BRH:1
end_of_record
TN:
SF:src/services/fetchAPI.js
FN:1,(anonymous_0)
FNF:1
FNH:1
FNDA:173,(anonymous_0)
DA:1,9
DA:2,173
DA:3,173
DA:4,173
DA:5,173
LF:5
LH:5
BRF:0
BRH:0
end_of_record
TN:
SF:src/services/localStorage.js
FN:1,(anonymous_0)
FN:5,(anonymous_1)
FN:7,(anonymous_2)
FNF:3
FNH:3
FNDA:306,(anonymous_0)
FNDA:762,(anonymous_1)
FNDA:256,(anonymous_2)
DA:1,17
DA:2,306
DA:5,762
DA:7,17
DA:8,256
DA:10,256
DA:11,236
DA:14,256
DA:15,12
DA:17,256
DA:18,12
DA:21,256
DA:22,132
DA:25,256
DA:27,256
LF:15
LH:15
BRDA:10,0,0,236
BRDA:10,0,1,20
BRDA:14,1,0,12
BRDA:14,1,1,244
BRDA:17,2,0,12
BRDA:17,2,1,244
BRDA:21,3,0,132
BRDA:21,3,1,124
BRDA:21,4,0,256
BRDA:21,4,1,136
BRDA:21,4,2,136
BRF:11
BRH:11
end_of_record
TN:
SF:src/tests/mocks/drinks/index.js
FN:10,(anonymous_0)
FN:14,(anonymous_1)
FN:18,(anonymous_2)
FN:22,(anonymous_3)
FN:26,(anonymous_4)
FN:30,(anonymous_5)
FN:34,(anonymous_6)
FN:38,(anonymous_7)
FNF:8
FNH:8
FNDA:15,(anonymous_0)
FNDA:29,(anonymous_1)
FNDA:1,(anonymous_2)
FNDA:1,(anonymous_3)
FNDA:1,(anonymous_4)
FNDA:1,(anonymous_5)
FNDA:40,(anonymous_6)
FNDA:10,(anonymous_7)
DA:9,6
DA:10,15
DA:13,6
DA:14,29
DA:17,6
DA:18,1
DA:21,6
DA:22,1
DA:25,6
DA:26,1
DA:29,6
DA:30,1
DA:33,6
DA:34,40
DA:37,6
DA:38,10
LF:16
LH:16
BRF:0
BRH:0
end_of_record
TN:
SF:src/tests/mocks/foods/index.js
FN:10,(anonymous_0)
FN:14,(anonymous_1)
FN:18,(anonymous_2)
FN:22,(anonymous_3)
FN:26,(anonymous_4)
FN:30,(anonymous_5)
FN:34,(anonymous_6)
FN:38,(anonymous_7)
FNF:8
FNH:8
FNDA:12,(anonymous_0)
FNDA:39,(anonymous_1)
FNDA:1,(anonymous_2)
FNDA:1,(anonymous_3)
FNDA:40,(anonymous_4)
FNDA:10,(anonymous_5)
FNDA:12,(anonymous_6)
FNDA:1,(anonymous_7)
DA:9,7
DA:10,12
DA:13,7
DA:14,39
DA:17,7
DA:18,1
DA:21,7
DA:22,1
DA:25,7
DA:26,40
DA:29,7
DA:30,10
DA:33,7
DA:34,12
DA:37,7
DA:38,1
LF:16
LH:16
BRF:0
BRH:0
end_of_record
TN:
SF:src/tests/utils/getInProgressMock.js
FN:1,(anonymous_0)
FNF:1
FNH:1
FNDA:6,(anonymous_0)
DA:1,2
DA:2,6
DA:5,6
DA:7,2
DA:8,2
DA:10,2
DA:11,2
DA:13,2
DA:14,2
DA:16,0
DA:19,6
DA:22,2
LF:12
LH:11
BRDA:2,0,0,0
BRDA:2,0,1,6
BRDA:5,1,0,2
BRDA:5,1,1,2
BRDA:5,1,2,2
BRDA:5,1,3,0
BRF:6
BRH:4
end_of_record
TN:
SF:src/tests/utils/getIngredients.js
FN:1,(anonymous_0)
FN:3,(anonymous_1)
FN:6,(anonymous_2)
FN:9,(anonymous_3)
FNF:4
FNH:4
FNDA:2,(anonymous_0)
FNDA:104,(anonymous_1)
FNDA:35,(anonymous_2)
FNDA:16,(anonymous_3)
DA:1,2
DA:2,2
DA:3,104
DA:5,2
DA:6,35
DA:8,2
DA:9,16
DA:11,2
LF:8
LH:8
BRDA:6,0,0,35
BRDA:6,0,1,28
BRF:2
BRH:2
end_of_record
TN:
SF:src/tests/utils/renderWithRouter.js
FN:7,(anonymous_0)
FNF:1
FNH:1
FNDA:163,(anonymous_0)
DA:7,17
DA:8,163
DA:9,163
LF:3
LH:3
BRDA:7,0,0,103
BRF:1
BRH:1
end_of_record
